#
# There is insufficient memory for the Java Runtime Environment to continue.
# Native memory allocation (mmap) failed to map 65536 bytes for Failed to commit metaspace.
# Possible reasons:
#   The system is out of physical RAM or swap space
#   The process is running with CompressedOops enabled, and the Java Heap may be blocking the growth of the native heap
# Possible solutions:
#   Reduce memory load on the system
#   Increase physical memory or swap space
#   Check if swap backing store is full
#   Decrease Java heap size (-Xmx/-Xms)
#   Decrease number of Java threads
#   Decrease Java thread stack sizes (-Xss)
#   Set larger code cache with -XX:ReservedCodeCacheSize=
#   JVM is running with Unscaled Compressed Oops mode in which the Java heap is
#     placed in the first 4GB address space. The Java Heap base address is the
#     maximum limit for the native heap growth. Please use -XX:HeapBaseMinAddress
#     to set the Java Heap base and to place the Java Heap above 4GB virtual address.
# This output file may be truncated or incomplete.
#
#  Out of Memory Error (virtualSpaceNode.cpp:110), pid=4880, tid=19540
#
# JRE version: OpenJDK Runtime Environment JBR-17.0.10+7-1000.50-jcef (17.0.10+7) (build 17.0.10+7-b1000.50)
# Java VM: OpenJDK 64-Bit Server VM JBR-17.0.10+7-1000.50-jcef (17.0.10+7-b1000.50, mixed mode, tiered, compressed oops, compressed class ptrs, g1 gc, windows-amd64)
# No core dump will be written. Minidumps are not enabled by default on client versions of Windows
#

---------------  S U M M A R Y ------------

Command Line: git4idea.http.GitAskPassApp Username for 'https://github.com': 

Host: Intel(R) Core(TM) i5-6500 CPU @ 3.20GHz, 4 cores, 7G,  Windows 10 , 64 bit Build 19041 (10.0.19041.4842)
Time: Sun Oct  6 09:42:10 2024  Windows 10 , 64 bit Build 19041 (10.0.19041.4842) elapsed time: 0.160257 seconds (0d 0h 0m 0s)

---------------  T H R E A D  ---------------

Current thread (0x0000022fe3bd4c60):  JavaThread "main" [_thread_in_vm, id=19540, stack(0x0000007836f00000,0x0000007837000000)]

Stack: [0x0000007836f00000,0x0000007837000000]
Native frames: (J=compiled Java code, j=interpreted, Vv=VM code, C=native code)
V  [jvm.dll+0x688a29]
V  [jvm.dll+0x84216a]
V  [jvm.dll+0x843dae]
V  [jvm.dll+0x844413]
V  [jvm.dll+0x24ba8f]
V  [jvm.dll+0x83d14b]
V  [jvm.dll+0x62d0e6]
V  [jvm.dll+0x62d14a]
V  [jvm.dll+0x62f97a]
V  [jvm.dll+0x62da86]
V  [jvm.dll+0x240b60]
V  [jvm.dll+0x1ef46b]
V  [jvm.dll+0x1e4d8c]
V  [jvm.dll+0x54d98c]
V  [jvm.dll+0x1f592b]
V  [jvm.dll+0x7ba91b]
V  [jvm.dll+0x7bbd8c]
V  [jvm.dll+0x7bc0d8]
V  [jvm.dll+0x2434ee]
V  [jvm.dll+0x387aee]
C  0x0000022fee88b5bb

The last pc belongs to new (printed below).
Java frames: (J=compiled Java code, j=interpreted, Vv=VM code)
j  java.lang.invoke.VarHandles.makeFieldHandle(Ljava/lang/invoke/MemberName;Ljava/lang/Class;Ljava/lang/Class;Z)Ljava/lang/invoke/VarHandle;+490 java.base@17.0.10
j  java.lang.invoke.MethodHandles$Lookup.getFieldVarHandleCommon(BBLjava/lang/Class;Ljava/lang/invoke/MemberName;Ljava/lang/invoke/MemberName;Z)Ljava/lang/invoke/VarHandle;+270 java.base@17.0.10
j  java.lang.invoke.MethodHandles$Lookup.getFieldVarHandle(BBLjava/lang/Class;Ljava/lang/invoke/MemberName;Ljava/lang/invoke/MemberName;)Ljava/lang/invoke/VarHandle;+12 java.base@17.0.10
j  java.lang.invoke.MethodHandles$Lookup.findStaticVarHandle(Ljava/lang/Class;Ljava/lang/String;Ljava/lang/Class;)Ljava/lang/invoke/VarHandle;+28 java.base@17.0.10
j  javax.net.ssl.SSLContext.<clinit>()V+9 java.base@17.0.10
v  ~StubRoutines::call_stub
j  externalApp.ExternalAppUtil.sendIdeRequest(Ljava/lang/String;ILjava/lang/String;Ljava/lang/String;)LexternalApp/ExternalAppUtil$Result;+34
j  git4idea.http.GitAskPassApp.main([Ljava/lang/String;)V+37
v  ~StubRoutines::call_stub
new  187 new  [0x0000022fee88b420, 0x0000022fee88b640]  544 bytes
[MachCode]
  0x0000022fee88b420: 4883 ec08 | c5fa 1104 | 24eb 1f48 | 83ec 10c5 | fb11 0424 | eb14 4883 | ec10 4889 | 0424 48c7 
  0x0000022fee88b440: 4424 0800 | 0000 00eb | 0150 410f | b755 010f | cac1 ea10 | 488b 4de8 | 488b 4908 | 488b 4908 
  0x0000022fee88b460: 488b 4108 | 807c 1004 | 070f 85d6 | 0000 0066 | 8b54 d148 | 488b 4928 | 488b 4cd1 | 0851 80b9 
  0x0000022fee88b480: 5b01 0000 | 040f 85b9 | 0000 008b | 5108 f7c2 | 0100 0000 | 0f85 aa00 | 0000 498b | 8708 0100 
  0x0000022fee88b4a0: 0048 8d1c | 1049 3b9f | 1801 0000 | 0f87 9200 | 0000 4989 | 9f08 0100 | 00e9 0000 | 0000 4883 
  0x0000022fee88b4c0: ea10 0f84 | 0f00 0000 | 33c9 c1ea | 0348 894c | d008 48ff | ca75 f648 | c700 0100 | 0000 5933 
  0x0000022fee88b4e0: f689 700c | 48c1 e903 | 8948 0849 | ba89 39ec | 89fa 7f00 | 0041 803a | 000f 8440 | 0000 0050 
  0x0000022fee88b500: 488b c848 | 83ec 20f7 | c40f 0000 | 000f 841a | 0000 0048 | 83ec 0849 | baf0 f0a1 | 89fa 7f00 
  0x0000022fee88b520: 0041 ffd2 | 4883 c408 | e90d 0000 | 0049 baf0 | f0a1 89fa | 7f00 0041 | ffd2 4883 | c420 58e9 
  0x0000022fee88b540: cd00 0000 | 5948 8b55 | e848 8b52 | 0848 8b52 | 0845 0fb7 | 4501 410f | c841 c1e8 | 10e8 0500 
  0x0000022fee88b560: 0000 e9aa | 0000 0048 | 8d44 2408 | 4c89 6dc0 | 498b cfc5 | f877 4989 | afa8 0200 | 0049 8987 
  0x0000022fee88b580: 9802 0000 | 4883 ec20 | f7c4 0f00 | 0000 0f84 | 1a00 0000 | 4883 ec08 | 49ba a07a | 6b89 fa7f 
  0x0000022fee88b5a0: 0000 41ff | d248 83c4 | 08e9 0d00 | 0000 49ba | a07a 6b89 | fa7f 0000 | 41ff d248 | 83c4 2049 
  0x0000022fee88b5c0: c787 9802 | 0000 0000 | 0000 49c7 | 87a8 0200 | 0000 0000 | 0049 c787 | a002 0000 | 0000 0000 
  0x0000022fee88b5e0: c5f8 7749 | 817f 0800 | 0000 000f | 8405 0000 | 00e9 0a59 | feff 498b | 87f0 0200 | 0049 c787 
  0x0000022fee88b600: f002 0000 | 0000 0000 | 4c8b 6dc0 | 4c8b 75c8 | c341 0fb6 | 5d03 4983 | c503 49ba | 80a6 ee89 
  0x0000022fee88b620: fa7f 0000 | 41ff 24da | 0000 0000 | 0000 0000 | 0000 0000 | 0000 0000 | 0000 0000 | 0000 0000 
[/MachCode]

---------------  P R O C E S S  ---------------

Threads class SMR info:
_java_thread_list=0x0000022ffd6d9f90, length=12, elements={
0x0000022fe3bd4c60, 0x0000022ffd3bf020, 0x0000022ffd3c4b70, 0x0000022ffd523000,
0x0000022ffd5239d0, 0x0000022ffd5263a0, 0x0000022ffd527eb0, 0x0000022ffd559560,
0x0000022ffd55df80, 0x0000022ffd567170, 0x0000022ffd6f2ef0, 0x0000022ffd6f6040
}

Java Threads: ( => current thread )
=>0x0000022fe3bd4c60 JavaThread "main" [_thread_in_vm, id=19540, stack(0x0000007836f00000,0x0000007837000000)]
  0x0000022ffd3bf020 JavaThread "Reference Handler" daemon [_thread_blocked, id=4808, stack(0x0000007837600000,0x0000007837700000)]
  0x0000022ffd3c4b70 JavaThread "Finalizer" daemon [_thread_blocked, id=4848, stack(0x0000007837700000,0x0000007837800000)]
  0x0000022ffd523000 JavaThread "Signal Dispatcher" daemon [_thread_blocked, id=19136, stack(0x0000007837800000,0x0000007837900000)]
  0x0000022ffd5239d0 JavaThread "Attach Listener" daemon [_thread_blocked, id=7688, stack(0x0000007837900000,0x0000007837a00000)]
  0x0000022ffd5263a0 JavaThread "Service Thread" daemon [_thread_blocked, id=2864, stack(0x0000007837a00000,0x0000007837b00000)]
  0x0000022ffd527eb0 JavaThread "Monitor Deflation Thread" daemon [_thread_blocked, id=13352, stack(0x0000007837b00000,0x0000007837c00000)]
  0x0000022ffd559560 JavaThread "C2 CompilerThread0" daemon [_thread_blocked, id=14088, stack(0x0000007837c00000,0x0000007837d00000)]
  0x0000022ffd55df80 JavaThread "C1 CompilerThread0" daemon [_thread_blocked, id=18372, stack(0x0000007837d00000,0x0000007837e00000)]
  0x0000022ffd567170 JavaThread "Sweeper thread" daemon [_thread_blocked, id=18448, stack(0x0000007837e00000,0x0000007837f00000)]
  0x0000022ffd6f2ef0 JavaThread "Notification Thread" daemon [_thread_blocked, id=14964, stack(0x0000007837f00000,0x0000007838000000)]
  0x0000022ffd6f6040 JavaThread "Common-Cleaner" daemon [_thread_blocked, id=18104, stack(0x0000007838100000,0x0000007838200000)]

Other Threads:
  0x0000022ffd3a1550 VMThread "VM Thread" [stack: 0x0000007837500000,0x0000007837600000] [id=12816]
  0x0000022ffd6f37e0 WatcherThread [stack: 0x0000007838000000,0x0000007838100000] [id=14356]
  0x0000022fe3c2c340 GCTaskThread "GC Thread#0" [stack: 0x0000007837000000,0x0000007837100000] [id=3416]
  0x0000022fe3c3df30 ConcurrentGCThread "G1 Main Marker" [stack: 0x0000007837100000,0x0000007837200000] [id=11176]
  0x0000022fe3c3f570 ConcurrentGCThread "G1 Conc#0" [stack: 0x0000007837200000,0x0000007837300000] [id=8848]
  0x0000022fe3c7d6b0 ConcurrentGCThread "G1 Refine#0" [stack: 0x0000007837300000,0x0000007837400000] [id=516]
  0x0000022fe3c7e0e0 ConcurrentGCThread "G1 Service" [stack: 0x0000007837400000,0x0000007837500000] [id=2012]

Threads with active compile tasks:

VM state: not at safepoint (normal execution)

VM Mutex/Monitor currently owned by a thread:  ([mutex/lock_event])
[0x0000022fe3bbbc00] Metaspace_lock - owner thread: 0x0000022fe3bd4c60

Heap address: 0x0000000081400000, size: 2028 MB, Compressed Oops mode: 32-bit

CDS archive(s) not mapped
Compressed class space mapped at: 0x0000000100000000-0x0000000140000000, reserved size: 1073741824
Narrow klass base: 0x0000000000000000, Narrow klass shift: 3, Narrow klass range: 0x140000000

GC Precious Log:
 CPUs: 4 total, 4 available
 Memory: 8107M
 Large Page Support: Disabled
 NUMA Support: Disabled
 Compressed Oops: Enabled (32-bit)
 Heap Region Size: 1M
 Heap Min Capacity: 8M
 Heap Initial Capacity: 128M
 Heap Max Capacity: 2028M
 Pre-touch: Disabled
 Parallel Workers: 4
 Concurrent Workers: 1
 Concurrent Refinement Workers: 4
 Periodic GC: Disabled

Heap:
 garbage-first heap   total 131072K, used 1024K [0x0000000081400000, 0x0000000100000000)
  region size 1024K, 2 young (2048K), 0 survivors (0K)
 Metaspace       used 4920K, committed 5056K, reserved 1114112K
  class space    used 429K, committed 512K, reserved 1048576K

Heap Regions: E=young(eden), S=young(survivor), O=old, HS=humongous(starts), HC=humongous(continues), CS=collection set, F=free, OA=open archive, CA=closed archive, TAMS=top-at-mark-start (previous, next)
|   0|0x0000000081400000, 0x0000000081400000, 0x0000000081500000|  0%| F|  |TAMS 0x0000000081400000, 0x0000000081400000| Untracked 
|   1|0x0000000081500000, 0x0000000081500000, 0x0000000081600000|  0%| F|  |TAMS 0x0000000081500000, 0x0000000081500000| Untracked 
|   2|0x0000000081600000, 0x0000000081600000, 0x0000000081700000|  0%| F|  |TAMS 0x0000000081600000, 0x0000000081600000| Untracked 
|   3|0x0000000081700000, 0x0000000081700000, 0x0000000081800000|  0%| F|  |TAMS 0x0000000081700000, 0x0000000081700000| Untracked 
|   4|0x0000000081800000, 0x0000000081800000, 0x0000000081900000|  0%| F|  |TAMS 0x0000000081800000, 0x0000000081800000| Untracked 
|   5|0x0000000081900000, 0x0000000081900000, 0x0000000081a00000|  0%| F|  |TAMS 0x0000000081900000, 0x0000000081900000| Untracked 
|   6|0x0000000081a00000, 0x0000000081a00000, 0x0000000081b00000|  0%| F|  |TAMS 0x0000000081a00000, 0x0000000081a00000| Untracked 
|   7|0x0000000081b00000, 0x0000000081b00000, 0x0000000081c00000|  0%| F|  |TAMS 0x0000000081b00000, 0x0000000081b00000| Untracked 
|   8|0x0000000081c00000, 0x0000000081c00000, 0x0000000081d00000|  0%| F|  |TAMS 0x0000000081c00000, 0x0000000081c00000| Untracked 
|   9|0x0000000081d00000, 0x0000000081d00000, 0x0000000081e00000|  0%| F|  |TAMS 0x0000000081d00000, 0x0000000081d00000| Untracked 
|  10|0x0000000081e00000, 0x0000000081e00000, 0x0000000081f00000|  0%| F|  |TAMS 0x0000000081e00000, 0x0000000081e00000| Untracked 
|  11|0x0000000081f00000, 0x0000000081f00000, 0x0000000082000000|  0%| F|  |TAMS 0x0000000081f00000, 0x0000000081f00000| Untracked 
|  12|0x0000000082000000, 0x0000000082000000, 0x0000000082100000|  0%| F|  |TAMS 0x0000000082000000, 0x0000000082000000| Untracked 
|  13|0x0000000082100000, 0x0000000082100000, 0x0000000082200000|  0%| F|  |TAMS 0x0000000082100000, 0x0000000082100000| Untracked 
|  14|0x0000000082200000, 0x0000000082200000, 0x0000000082300000|  0%| F|  |TAMS 0x0000000082200000, 0x0000000082200000| Untracked 
|  15|0x0000000082300000, 0x0000000082300000, 0x0000000082400000|  0%| F|  |TAMS 0x0000000082300000, 0x0000000082300000| Untracked 
|  16|0x0000000082400000, 0x0000000082400000, 0x0000000082500000|  0%| F|  |TAMS 0x0000000082400000, 0x0000000082400000| Untracked 
|  17|0x0000000082500000, 0x0000000082500000, 0x0000000082600000|  0%| F|  |TAMS 0x0000000082500000, 0x0000000082500000| Untracked 
|  18|0x0000000082600000, 0x0000000082600000, 0x0000000082700000|  0%| F|  |TAMS 0x0000000082600000, 0x0000000082600000| Untracked 
|  19|0x0000000082700000, 0x0000000082700000, 0x0000000082800000|  0%| F|  |TAMS 0x0000000082700000, 0x0000000082700000| Untracked 
|  20|0x0000000082800000, 0x0000000082800000, 0x0000000082900000|  0%| F|  |TAMS 0x0000000082800000, 0x0000000082800000| Untracked 
|  21|0x0000000082900000, 0x0000000082900000, 0x0000000082a00000|  0%| F|  |TAMS 0x0000000082900000, 0x0000000082900000| Untracked 
|  22|0x0000000082a00000, 0x0000000082a00000, 0x0000000082b00000|  0%| F|  |TAMS 0x0000000082a00000, 0x0000000082a00000| Untracked 
|  23|0x0000000082b00000, 0x0000000082b00000, 0x0000000082c00000|  0%| F|  |TAMS 0x0000000082b00000, 0x0000000082b00000| Untracked 
|  24|0x0000000082c00000, 0x0000000082c00000, 0x0000000082d00000|  0%| F|  |TAMS 0x0000000082c00000, 0x0000000082c00000| Untracked 
|  25|0x0000000082d00000, 0x0000000082d00000, 0x0000000082e00000|  0%| F|  |TAMS 0x0000000082d00000, 0x0000000082d00000| Untracked 
|  26|0x0000000082e00000, 0x0000000082e00000, 0x0000000082f00000|  0%| F|  |TAMS 0x0000000082e00000, 0x0000000082e00000| Untracked 
|  27|0x0000000082f00000, 0x0000000082f00000, 0x0000000083000000|  0%| F|  |TAMS 0x0000000082f00000, 0x0000000082f00000| Untracked 
|  28|0x0000000083000000, 0x0000000083000000, 0x0000000083100000|  0%| F|  |TAMS 0x0000000083000000, 0x0000000083000000| Untracked 
|  29|0x0000000083100000, 0x0000000083100000, 0x0000000083200000|  0%| F|  |TAMS 0x0000000083100000, 0x0000000083100000| Untracked 
|  30|0x0000000083200000, 0x0000000083200000, 0x0000000083300000|  0%| F|  |TAMS 0x0000000083200000, 0x0000000083200000| Untracked 
|  31|0x0000000083300000, 0x0000000083300000, 0x0000000083400000|  0%| F|  |TAMS 0x0000000083300000, 0x0000000083300000| Untracked 
|  32|0x0000000083400000, 0x0000000083400000, 0x0000000083500000|  0%| F|  |TAMS 0x0000000083400000, 0x0000000083400000| Untracked 
|  33|0x0000000083500000, 0x0000000083500000, 0x0000000083600000|  0%| F|  |TAMS 0x0000000083500000, 0x0000000083500000| Untracked 
|  34|0x0000000083600000, 0x0000000083600000, 0x0000000083700000|  0%| F|  |TAMS 0x0000000083600000, 0x0000000083600000| Untracked 
|  35|0x0000000083700000, 0x0000000083700000, 0x0000000083800000|  0%| F|  |TAMS 0x0000000083700000, 0x0000000083700000| Untracked 
|  36|0x0000000083800000, 0x0000000083800000, 0x0000000083900000|  0%| F|  |TAMS 0x0000000083800000, 0x0000000083800000| Untracked 
|  37|0x0000000083900000, 0x0000000083900000, 0x0000000083a00000|  0%| F|  |TAMS 0x0000000083900000, 0x0000000083900000| Untracked 
|  38|0x0000000083a00000, 0x0000000083a00000, 0x0000000083b00000|  0%| F|  |TAMS 0x0000000083a00000, 0x0000000083a00000| Untracked 
|  39|0x0000000083b00000, 0x0000000083b00000, 0x0000000083c00000|  0%| F|  |TAMS 0x0000000083b00000, 0x0000000083b00000| Untracked 
|  40|0x0000000083c00000, 0x0000000083c00000, 0x0000000083d00000|  0%| F|  |TAMS 0x0000000083c00000, 0x0000000083c00000| Untracked 
|  41|0x0000000083d00000, 0x0000000083d00000, 0x0000000083e00000|  0%| F|  |TAMS 0x0000000083d00000, 0x0000000083d00000| Untracked 
|  42|0x0000000083e00000, 0x0000000083e00000, 0x0000000083f00000|  0%| F|  |TAMS 0x0000000083e00000, 0x0000000083e00000| Untracked 
|  43|0x0000000083f00000, 0x0000000083f00000, 0x0000000084000000|  0%| F|  |TAMS 0x0000000083f00000, 0x0000000083f00000| Untracked 
|  44|0x0000000084000000, 0x0000000084000000, 0x0000000084100000|  0%| F|  |TAMS 0x0000000084000000, 0x0000000084000000| Untracked 
|  45|0x0000000084100000, 0x0000000084100000, 0x0000000084200000|  0%| F|  |TAMS 0x0000000084100000, 0x0000000084100000| Untracked 
|  46|0x0000000084200000, 0x0000000084200000, 0x0000000084300000|  0%| F|  |TAMS 0x0000000084200000, 0x0000000084200000| Untracked 
|  47|0x0000000084300000, 0x0000000084300000, 0x0000000084400000|  0%| F|  |TAMS 0x0000000084300000, 0x0000000084300000| Untracked 
|  48|0x0000000084400000, 0x0000000084400000, 0x0000000084500000|  0%| F|  |TAMS 0x0000000084400000, 0x0000000084400000| Untracked 
|  49|0x0000000084500000, 0x0000000084500000, 0x0000000084600000|  0%| F|  |TAMS 0x0000000084500000, 0x0000000084500000| Untracked 
|  50|0x0000000084600000, 0x0000000084600000, 0x0000000084700000|  0%| F|  |TAMS 0x0000000084600000, 0x0000000084600000| Untracked 
|  51|0x0000000084700000, 0x0000000084700000, 0x0000000084800000|  0%| F|  |TAMS 0x0000000084700000, 0x0000000084700000| Untracked 
|  52|0x0000000084800000, 0x0000000084800000, 0x0000000084900000|  0%| F|  |TAMS 0x0000000084800000, 0x0000000084800000| Untracked 
|  53|0x0000000084900000, 0x0000000084900000, 0x0000000084a00000|  0%| F|  |TAMS 0x0000000084900000, 0x0000000084900000| Untracked 
|  54|0x0000000084a00000, 0x0000000084a00000, 0x0000000084b00000|  0%| F|  |TAMS 0x0000000084a00000, 0x0000000084a00000| Untracked 
|  55|0x0000000084b00000, 0x0000000084b00000, 0x0000000084c00000|  0%| F|  |TAMS 0x0000000084b00000, 0x0000000084b00000| Untracked 
|  56|0x0000000084c00000, 0x0000000084c00000, 0x0000000084d00000|  0%| F|  |TAMS 0x0000000084c00000, 0x0000000084c00000| Untracked 
|  57|0x0000000084d00000, 0x0000000084d00000, 0x0000000084e00000|  0%| F|  |TAMS 0x0000000084d00000, 0x0000000084d00000| Untracked 
|  58|0x0000000084e00000, 0x0000000084e00000, 0x0000000084f00000|  0%| F|  |TAMS 0x0000000084e00000, 0x0000000084e00000| Untracked 
|  59|0x0000000084f00000, 0x0000000084f00000, 0x0000000085000000|  0%| F|  |TAMS 0x0000000084f00000, 0x0000000084f00000| Untracked 
|  60|0x0000000085000000, 0x0000000085000000, 0x0000000085100000|  0%| F|  |TAMS 0x0000000085000000, 0x0000000085000000| Untracked 
|  61|0x0000000085100000, 0x0000000085100000, 0x0000000085200000|  0%| F|  |TAMS 0x0000000085100000, 0x0000000085100000| Untracked 
|  62|0x0000000085200000, 0x0000000085200000, 0x0000000085300000|  0%| F|  |TAMS 0x0000000085200000, 0x0000000085200000| Untracked 
|  63|0x0000000085300000, 0x0000000085300000, 0x0000000085400000|  0%| F|  |TAMS 0x0000000085300000, 0x0000000085300000| Untracked 
|  64|0x0000000085400000, 0x0000000085400000, 0x0000000085500000|  0%| F|  |TAMS 0x0000000085400000, 0x0000000085400000| Untracked 
|  65|0x0000000085500000, 0x0000000085500000, 0x0000000085600000|  0%| F|  |TAMS 0x0000000085500000, 0x0000000085500000| Untracked 
|  66|0x0000000085600000, 0x0000000085600000, 0x0000000085700000|  0%| F|  |TAMS 0x0000000085600000, 0x0000000085600000| Untracked 
|  67|0x0000000085700000, 0x0000000085700000, 0x0000000085800000|  0%| F|  |TAMS 0x0000000085700000, 0x0000000085700000| Untracked 
|  68|0x0000000085800000, 0x0000000085800000, 0x0000000085900000|  0%| F|  |TAMS 0x0000000085800000, 0x0000000085800000| Untracked 
|  69|0x0000000085900000, 0x0000000085900000, 0x0000000085a00000|  0%| F|  |TAMS 0x0000000085900000, 0x0000000085900000| Untracked 
|  70|0x0000000085a00000, 0x0000000085a00000, 0x0000000085b00000|  0%| F|  |TAMS 0x0000000085a00000, 0x0000000085a00000| Untracked 
|  71|0x0000000085b00000, 0x0000000085b00000, 0x0000000085c00000|  0%| F|  |TAMS 0x0000000085b00000, 0x0000000085b00000| Untracked 
|  72|0x0000000085c00000, 0x0000000085c00000, 0x0000000085d00000|  0%| F|  |TAMS 0x0000000085c00000, 0x0000000085c00000| Untracked 
|  73|0x0000000085d00000, 0x0000000085d00000, 0x0000000085e00000|  0%| F|  |TAMS 0x0000000085d00000, 0x0000000085d00000| Untracked 
|  74|0x0000000085e00000, 0x0000000085e00000, 0x0000000085f00000|  0%| F|  |TAMS 0x0000000085e00000, 0x0000000085e00000| Untracked 
|  75|0x0000000085f00000, 0x0000000085f00000, 0x0000000086000000|  0%| F|  |TAMS 0x0000000085f00000, 0x0000000085f00000| Untracked 
|  76|0x0000000086000000, 0x0000000086000000, 0x0000000086100000|  0%| F|  |TAMS 0x0000000086000000, 0x0000000086000000| Untracked 
|  77|0x0000000086100000, 0x0000000086100000, 0x0000000086200000|  0%| F|  |TAMS 0x0000000086100000, 0x0000000086100000| Untracked 
|  78|0x0000000086200000, 0x0000000086200000, 0x0000000086300000|  0%| F|  |TAMS 0x0000000086200000, 0x0000000086200000| Untracked 
|  79|0x0000000086300000, 0x0000000086300000, 0x0000000086400000|  0%| F|  |TAMS 0x0000000086300000, 0x0000000086300000| Untracked 
|  80|0x0000000086400000, 0x0000000086400000, 0x0000000086500000|  0%| F|  |TAMS 0x0000000086400000, 0x0000000086400000| Untracked 
|  81|0x0000000086500000, 0x0000000086500000, 0x0000000086600000|  0%| F|  |TAMS 0x0000000086500000, 0x0000000086500000| Untracked 
|  82|0x0000000086600000, 0x0000000086600000, 0x0000000086700000|  0%| F|  |TAMS 0x0000000086600000, 0x0000000086600000| Untracked 
|  83|0x0000000086700000, 0x0000000086700000, 0x0000000086800000|  0%| F|  |TAMS 0x0000000086700000, 0x0000000086700000| Untracked 
|  84|0x0000000086800000, 0x0000000086800000, 0x0000000086900000|  0%| F|  |TAMS 0x0000000086800000, 0x0000000086800000| Untracked 
|  85|0x0000000086900000, 0x0000000086900000, 0x0000000086a00000|  0%| F|  |TAMS 0x0000000086900000, 0x0000000086900000| Untracked 
|  86|0x0000000086a00000, 0x0000000086a00000, 0x0000000086b00000|  0%| F|  |TAMS 0x0000000086a00000, 0x0000000086a00000| Untracked 
|  87|0x0000000086b00000, 0x0000000086b00000, 0x0000000086c00000|  0%| F|  |TAMS 0x0000000086b00000, 0x0000000086b00000| Untracked 
|  88|0x0000000086c00000, 0x0000000086c00000, 0x0000000086d00000|  0%| F|  |TAMS 0x0000000086c00000, 0x0000000086c00000| Untracked 
|  89|0x0000000086d00000, 0x0000000086d00000, 0x0000000086e00000|  0%| F|  |TAMS 0x0000000086d00000, 0x0000000086d00000| Untracked 
|  90|0x0000000086e00000, 0x0000000086e00000, 0x0000000086f00000|  0%| F|  |TAMS 0x0000000086e00000, 0x0000000086e00000| Untracked 
|  91|0x0000000086f00000, 0x0000000086f00000, 0x0000000087000000|  0%| F|  |TAMS 0x0000000086f00000, 0x0000000086f00000| Untracked 
|  92|0x0000000087000000, 0x0000000087000000, 0x0000000087100000|  0%| F|  |TAMS 0x0000000087000000, 0x0000000087000000| Untracked 
|  93|0x0000000087100000, 0x0000000087100000, 0x0000000087200000|  0%| F|  |TAMS 0x0000000087100000, 0x0000000087100000| Untracked 
|  94|0x0000000087200000, 0x0000000087200000, 0x0000000087300000|  0%| F|  |TAMS 0x0000000087200000, 0x0000000087200000| Untracked 
|  95|0x0000000087300000, 0x0000000087300000, 0x0000000087400000|  0%| F|  |TAMS 0x0000000087300000, 0x0000000087300000| Untracked 
|  96|0x0000000087400000, 0x0000000087400000, 0x0000000087500000|  0%| F|  |TAMS 0x0000000087400000, 0x0000000087400000| Untracked 
|  97|0x0000000087500000, 0x0000000087500000, 0x0000000087600000|  0%| F|  |TAMS 0x0000000087500000, 0x0000000087500000| Untracked 
|  98|0x0000000087600000, 0x0000000087600000, 0x0000000087700000|  0%| F|  |TAMS 0x0000000087600000, 0x0000000087600000| Untracked 
|  99|0x0000000087700000, 0x0000000087700000, 0x0000000087800000|  0%| F|  |TAMS 0x0000000087700000, 0x0000000087700000| Untracked 
| 100|0x0000000087800000, 0x0000000087800000, 0x0000000087900000|  0%| F|  |TAMS 0x0000000087800000, 0x0000000087800000| Untracked 
| 101|0x0000000087900000, 0x0000000087900000, 0x0000000087a00000|  0%| F|  |TAMS 0x0000000087900000, 0x0000000087900000| Untracked 
| 102|0x0000000087a00000, 0x0000000087a00000, 0x0000000087b00000|  0%| F|  |TAMS 0x0000000087a00000, 0x0000000087a00000| Untracked 
| 103|0x0000000087b00000, 0x0000000087b00000, 0x0000000087c00000|  0%| F|  |TAMS 0x0000000087b00000, 0x0000000087b00000| Untracked 
| 104|0x0000000087c00000, 0x0000000087c00000, 0x0000000087d00000|  0%| F|  |TAMS 0x0000000087c00000, 0x0000000087c00000| Untracked 
| 105|0x0000000087d00000, 0x0000000087d00000, 0x0000000087e00000|  0%| F|  |TAMS 0x0000000087d00000, 0x0000000087d00000| Untracked 
| 106|0x0000000087e00000, 0x0000000087e00000, 0x0000000087f00000|  0%| F|  |TAMS 0x0000000087e00000, 0x0000000087e00000| Untracked 
| 107|0x0000000087f00000, 0x0000000087f00000, 0x0000000088000000|  0%| F|  |TAMS 0x0000000087f00000, 0x0000000087f00000| Untracked 
| 108|0x0000000088000000, 0x0000000088000000, 0x0000000088100000|  0%| F|  |TAMS 0x0000000088000000, 0x0000000088000000| Untracked 
| 109|0x0000000088100000, 0x0000000088100000, 0x0000000088200000|  0%| F|  |TAMS 0x0000000088100000, 0x0000000088100000| Untracked 
| 110|0x0000000088200000, 0x0000000088200000, 0x0000000088300000|  0%| F|  |TAMS 0x0000000088200000, 0x0000000088200000| Untracked 
| 111|0x0000000088300000, 0x0000000088300000, 0x0000000088400000|  0%| F|  |TAMS 0x0000000088300000, 0x0000000088300000| Untracked 
| 112|0x0000000088400000, 0x0000000088400000, 0x0000000088500000|  0%| F|  |TAMS 0x0000000088400000, 0x0000000088400000| Untracked 
| 113|0x0000000088500000, 0x0000000088500000, 0x0000000088600000|  0%| F|  |TAMS 0x0000000088500000, 0x0000000088500000| Untracked 
| 114|0x0000000088600000, 0x0000000088600000, 0x0000000088700000|  0%| F|  |TAMS 0x0000000088600000, 0x0000000088600000| Untracked 
| 115|0x0000000088700000, 0x0000000088700000, 0x0000000088800000|  0%| F|  |TAMS 0x0000000088700000, 0x0000000088700000| Untracked 
| 116|0x0000000088800000, 0x0000000088800000, 0x0000000088900000|  0%| F|  |TAMS 0x0000000088800000, 0x0000000088800000| Untracked 
| 117|0x0000000088900000, 0x0000000088900000, 0x0000000088a00000|  0%| F|  |TAMS 0x0000000088900000, 0x0000000088900000| Untracked 
| 118|0x0000000088a00000, 0x0000000088a00000, 0x0000000088b00000|  0%| F|  |TAMS 0x0000000088a00000, 0x0000000088a00000| Untracked 
| 119|0x0000000088b00000, 0x0000000088b00000, 0x0000000088c00000|  0%| F|  |TAMS 0x0000000088b00000, 0x0000000088b00000| Untracked 
| 120|0x0000000088c00000, 0x0000000088c00000, 0x0000000088d00000|  0%| F|  |TAMS 0x0000000088c00000, 0x0000000088c00000| Untracked 
| 121|0x0000000088d00000, 0x0000000088d00000, 0x0000000088e00000|  0%| F|  |TAMS 0x0000000088d00000, 0x0000000088d00000| Untracked 
| 122|0x0000000088e00000, 0x0000000088e00000, 0x0000000088f00000|  0%| F|  |TAMS 0x0000000088e00000, 0x0000000088e00000| Untracked 
| 123|0x0000000088f00000, 0x0000000088f00000, 0x0000000089000000|  0%| F|  |TAMS 0x0000000088f00000, 0x0000000088f00000| Untracked 
| 124|0x0000000089000000, 0x0000000089000000, 0x0000000089100000|  0%| F|  |TAMS 0x0000000089000000, 0x0000000089000000| Untracked 
| 125|0x0000000089100000, 0x0000000089100000, 0x0000000089200000|  0%| F|  |TAMS 0x0000000089100000, 0x0000000089100000| Untracked 
| 126|0x0000000089200000, 0x0000000089243200, 0x0000000089300000| 26%| E|  |TAMS 0x0000000089200000, 0x0000000089200000| Complete 
| 127|0x0000000089300000, 0x0000000089400000, 0x0000000089400000|100%| E|CS|TAMS 0x0000000089300000, 0x0000000089300000| Complete 

Card table byte_map: [0x0000022ff6740000,0x0000022ff6b40000] _byte_map_base: 0x0000022ff6336000

Marking Bits (Prev, Next): (CMBitMap*) 0x0000022fe3c2c870, (CMBitMap*) 0x0000022fe3c2c8b0
 Prev Bits: [0x0000022ff6f40000, 0x0000022ff8ef0000)
 Next Bits: [0x0000022ff8ef0000, 0x0000022ffaea0000)

Polling page: 0x0000022fe3380000

Metaspace:

Usage:
  Non-class:      4.39 MB used.
      Class:    429.56 KB used.
       Both:      4.81 MB used.

Virtual space:
  Non-class space:       64.00 MB reserved,       4.44 MB (  7%) committed,  1 nodes.
      Class space:        1.00 GB reserved,     512.00 KB ( <1%) committed,  1 nodes.
             Both:        1.06 GB reserved,       4.94 MB ( <1%) committed. 

Chunk freelists:
   Non-Class:  10.99 MB
       Class:  15.56 MB
        Both:  26.55 MB

MaxMetaspaceSize: unlimited
CompressedClassSpaceSize: 1.00 GB
Initial GC threshold: 21.00 MB
Current GC threshold: 21.00 MB
CDS: off
MetaspaceReclaimPolicy: balanced
 - commit_granule_bytes: 65536.
 - commit_granule_words: 8192.
 - virtual_space_node_default_size: 8388608.
 - enlarge_chunks_in_place: 1.
 - new_chunks_are_fully_committed: 0.
 - uncommit_free_chunks: 1.
 - use_allocation_guard: 0.
 - handle_deallocations: 1.


Internal statistics:

num_allocs_failed_limit: 0.
num_arena_births: 4.
num_arena_deaths: 0.
num_vsnodes_births: 2.
num_vsnodes_deaths: 0.
num_space_committed: 79.
num_space_uncommitted: 0.
num_chunks_returned_to_freelist: 0.
num_chunks_taken_from_freelist: 10.
num_chunk_merges: 0.
num_chunk_splits: 5.
num_chunks_enlarged: 1.
num_inconsistent_stats: 0.

CodeHeap 'non-profiled nmethods': size=120000Kb used=10Kb max_used=10Kb free=119989Kb
 bounds [0x0000022feee10000, 0x0000022fef080000, 0x0000022ff6340000]
CodeHeap 'profiled nmethods': size=120000Kb used=119Kb max_used=119Kb free=119880Kb
 bounds [0x0000022fe7340000, 0x0000022fe75b0000, 0x0000022fee870000]
CodeHeap 'non-nmethods': size=5760Kb used=1057Kb max_used=1057Kb free=4702Kb
 bounds [0x0000022fee870000, 0x0000022feeae0000, 0x0000022feee10000]
 total_blobs=401 nmethods=82 adapters=232
 compilation: enabled
              stopped_count=0, restarted_count=0
 full_count=0

Compilation events (20 events):
Event: 0.146 Thread 0x0000022ffd55df80   73       3       java.lang.CharacterDataLatin1::toLowerCase (39 bytes)
Event: 0.146 Thread 0x0000022ffd55df80 nmethod 73 0x0000022fe7359a90 code [0x0000022fe7359c40, 0x0000022fe7359e98]
Event: 0.146 Thread 0x0000022ffd55df80   74       3       java.lang.String::isEmpty (14 bytes)
Event: 0.146 Thread 0x0000022ffd55df80 nmethod 74 0x0000022fe7359f90 code [0x0000022fe735a120, 0x0000022fe735a298]
Event: 0.147 Thread 0x0000022ffd55df80   75       3       java.lang.String::<init> (15 bytes)
Event: 0.148 Thread 0x0000022ffd55df80 nmethod 75 0x0000022fe735a390 code [0x0000022fe735a520, 0x0000022fe735a6d8]
Event: 0.148 Thread 0x0000022ffd55df80   76       3       java.util.Arrays::copyOfRange (64 bytes)
Event: 0.148 Thread 0x0000022ffd55df80 nmethod 76 0x0000022fe735a790 code [0x0000022fe735aa00, 0x0000022fe735b2f8]
Event: 0.148 Thread 0x0000022ffd55df80   77       3       java.lang.StringLatin1::newString (24 bytes)
Event: 0.148 Thread 0x0000022ffd55df80 nmethod 77 0x0000022fe735b690 code [0x0000022fe735b860, 0x0000022fe735bb88]
Event: 0.149 Thread 0x0000022ffd55df80   78       3       java.lang.CharacterData::of (136 bytes)
Event: 0.149 Thread 0x0000022ffd55df80 nmethod 78 0x0000022fe735bc90 code [0x0000022fe735bec0, 0x0000022fe735c858]
Event: 0.149 Thread 0x0000022ffd55df80   81       3       java.lang.Character::toUpperCase (6 bytes)
Event: 0.149 Thread 0x0000022ffd55df80 nmethod 81 0x0000022fe735ca90 code [0x0000022fe735cc40, 0x0000022fe735ce98]
Event: 0.149 Thread 0x0000022ffd55df80   82       3       java.lang.Character::toUpperCase (9 bytes)
Event: 0.149 Thread 0x0000022ffd55df80 nmethod 82 0x0000022fe735cf90 code [0x0000022fe735d140, 0x0000022fe735d338]
Event: 0.149 Thread 0x0000022ffd55df80   79       3       java.lang.CharacterDataLatin1::toUpperCase (53 bytes)
Event: 0.149 Thread 0x0000022ffd55df80 nmethod 79 0x0000022fe735d410 code [0x0000022fe735d5c0, 0x0000022fe735d858]
Event: 0.149 Thread 0x0000022ffd55df80   80       3       java.util.TreeMap::parentOf (13 bytes)
Event: 0.149 Thread 0x0000022ffd55df80 nmethod 80 0x0000022fe735d990 code [0x0000022fe735db20, 0x0000022fe735dc98]

GC Heap History (0 events):
No events

Dll operation events (1 events):
Event: 0.021 Loaded shared library C:\Program Files\JetBrains\IntelliJ IDEA 2023.2.7\jbr\bin\java.dll

Deoptimization events (0 events):
No events

Classes unloaded (0 events):
No events

Classes redefined (0 events):
No events

Internal exceptions (0 events):
No events

VM Operations (2 events):
Event: 0.147 Executing VM operation: HandshakeAllThreads
Event: 0.147 Executing VM operation: HandshakeAllThreads done

Events (20 events):
Event: 0.149 loading class javax/net/ssl/X509TrustManager
Event: 0.149 loading class javax/net/ssl/X509TrustManager done
Event: 0.149 loading class javax/net/ssl/X509ExtendedTrustManager done
Event: 0.149 loading class javax/net/ssl/SSLContext
Event: 0.149 loading class javax/net/ssl/SSLContext done
Event: 0.149 loading class java/lang/NoSuchFieldException
Event: 0.150 loading class java/lang/NoSuchFieldException done
Event: 0.150 loading class java/lang/invoke/VarHandles
Event: 0.150 loading class java/lang/invoke/VarHandles done
Event: 0.150 loading class java/lang/invoke/VarHandles$1
Event: 0.150 loading class java/lang/ClassValue
Event: 0.150 loading class java/lang/ClassValue done
Event: 0.150 loading class java/lang/invoke/VarHandles$1 done
Event: 0.150 loading class java/lang/ClassValue$Entry
Event: 0.150 loading class java/lang/ClassValue$Entry done
Event: 0.150 loading class java/lang/ClassValue$Identity
Event: 0.150 loading class java/lang/ClassValue$Identity done
Event: 0.150 loading class java/lang/ClassValue$Version
Event: 0.150 loading class java/lang/ClassValue$Version done
Event: 0.150 loading class java/lang/invoke/VarHandleReferences$FieldStaticReadWrite


Dynamic libraries:
0x00007ff699a70000 - 0x00007ff699a7a000 	C:\Program Files\JetBrains\IntelliJ IDEA 2023.2.7\jbr\bin\java.exe
0x00007ffac2530000 - 0x00007ffac2728000 	C:\windows\SYSTEM32\ntdll.dll
0x00007ffac0ba0000 - 0x00007ffac0c61000 	C:\windows\System32\KERNEL32.DLL
0x00007ffabfd50000 - 0x00007ffac004d000 	C:\windows\System32\KERNELBASE.dll
0x0000000052fd0000 - 0x0000000053065000 	C:\windows\System32\SYSFER.DLL
0x00007ffac1a30000 - 0x00007ffac1ae0000 	C:\windows\System32\ADVAPI32.dll
0x00007ffac1be0000 - 0x00007ffac1c7e000 	C:\windows\System32\msvcrt.dll
0x00007ffac16d0000 - 0x00007ffac1770000 	C:\windows\System32\sechost.dll
0x00007ffac0a10000 - 0x00007ffac0b33000 	C:\windows\System32\RPCRT4.dll
0x00007ffac0200000 - 0x00007ffac0227000 	C:\windows\System32\bcrypt.dll
0x00007ffabfc50000 - 0x00007ffabfd50000 	C:\windows\System32\ucrtbase.dll
0x00007ffab8350000 - 0x00007ffab8367000 	C:\Program Files\JetBrains\IntelliJ IDEA 2023.2.7\jbr\bin\jli.dll
0x00007ffaadfb0000 - 0x00007ffaadfcb000 	C:\Program Files\JetBrains\IntelliJ IDEA 2023.2.7\jbr\bin\VCRUNTIME140.dll
0x00007ffac1890000 - 0x00007ffac1a2d000 	C:\windows\System32\USER32.dll
0x00007ffac0400000 - 0x00007ffac0422000 	C:\windows\System32\win32u.dll
0x00007ffac0920000 - 0x00007ffac094b000 	C:\windows\System32\GDI32.dll
0x00007ffac0230000 - 0x00007ffac0347000 	C:\windows\System32\gdi32full.dll
0x00007ffac04c0000 - 0x00007ffac055d000 	C:\windows\System32\msvcp_win.dll
0x00007ffaa0090000 - 0x00007ffaa032a000 	C:\windows\WinSxS\amd64_microsoft.windows.common-controls_6595b64144ccf1df_6.0.19041.4355_none_60b8b9eb71f62e16\COMCTL32.dll
0x00007ffac1c80000 - 0x00007ffac1caf000 	C:\windows\System32\IMM32.DLL
0x00007ffab7b40000 - 0x00007ffab7b4c000 	C:\Program Files\JetBrains\IntelliJ IDEA 2023.2.7\jbr\bin\vcruntime140_1.dll
0x00007ffa90e70000 - 0x00007ffa90efd000 	C:\Program Files\JetBrains\IntelliJ IDEA 2023.2.7\jbr\bin\msvcp140.dll
0x00007ffa89330000 - 0x00007ffa89fb3000 	C:\Program Files\JetBrains\IntelliJ IDEA 2023.2.7\jbr\bin\server\jvm.dll
0x00007ffabf120000 - 0x00007ffabf16b000 	C:\windows\SYSTEM32\POWRPROF.dll
0x00007ffabce00000 - 0x00007ffabce09000 	C:\windows\SYSTEM32\WSOCK32.dll
0x00007ffac1cb0000 - 0x00007ffac1d1b000 	C:\windows\System32\WS2_32.dll
0x00007ffa99360000 - 0x00007ffa99387000 	C:\windows\SYSTEM32\WINMM.dll
0x00007ffabad20000 - 0x00007ffabad2a000 	C:\windows\SYSTEM32\VERSION.dll
0x00007ffabefe0000 - 0x00007ffabeff2000 	C:\windows\SYSTEM32\UMPDC.dll
0x00007ffabda70000 - 0x00007ffabda82000 	C:\windows\SYSTEM32\kernel.appcore.dll
0x00007ffabcdf0000 - 0x00007ffabcdfa000 	C:\Program Files\JetBrains\IntelliJ IDEA 2023.2.7\jbr\bin\jimage.dll
0x00007ffaaad00000 - 0x00007ffaaaee4000 	C:\windows\SYSTEM32\DBGHELP.DLL
0x00007ffaabe10000 - 0x00007ffaabe44000 	C:\windows\SYSTEM32\dbgcore.DLL
0x00007ffac0430000 - 0x00007ffac04b2000 	C:\windows\System32\bcryptPrimitives.dll
0x00007ffabcda0000 - 0x00007ffabcdc5000 	C:\Program Files\JetBrains\IntelliJ IDEA 2023.2.7\jbr\bin\java.dll
0x00007ffabb8b0000 - 0x00007ffabb8c8000 	C:\Program Files\JetBrains\IntelliJ IDEA 2023.2.7\jbr\bin\zip.dll
0x00007ffac0f50000 - 0x00007ffac16bf000 	C:\windows\System32\SHELL32.dll
0x00007ffabdc80000 - 0x00007ffabe423000 	C:\windows\SYSTEM32\windows.storage.dll
0x00007ffac05c0000 - 0x00007ffac0913000 	C:\windows\System32\combase.dll
0x00007ffabf610000 - 0x00007ffabf63e000 	C:\windows\SYSTEM32\Wldp.dll
0x00007ffac0e80000 - 0x00007ffac0f4d000 	C:\windows\System32\OLEAUT32.dll
0x00007ffac2440000 - 0x00007ffac24ed000 	C:\windows\System32\SHCORE.dll
0x00007ffac23d0000 - 0x00007ffac2425000 	C:\windows\System32\shlwapi.dll
0x00007ffabfb10000 - 0x00007ffabfb34000 	C:\windows\SYSTEM32\profapi.dll
0x00007ffabaa50000 - 0x00007ffabaa69000 	C:\Program Files\JetBrains\IntelliJ IDEA 2023.2.7\jbr\bin\net.dll
0x00007ffab9170000 - 0x00007ffab927d000 	C:\windows\SYSTEM32\WINHTTP.dll
0x00007ffabf370000 - 0x00007ffabf3da000 	C:\windows\system32\mswsock.dll
0x00007ffab8380000 - 0x00007ffab8396000 	C:\Program Files\JetBrains\IntelliJ IDEA 2023.2.7\jbr\bin\nio.dll

dbghelp: loaded successfully - version: 4.0.5 - missing functions: none
symbol engine: initialized successfully - sym options: 0x614 - pdb path: .;C:\Program Files\JetBrains\IntelliJ IDEA 2023.2.7\jbr\bin;C:\windows\SYSTEM32;C:\windows\WinSxS\amd64_microsoft.windows.common-controls_6595b64144ccf1df_6.0.19041.4355_none_60b8b9eb71f62e16;C:\Program Files\JetBrains\IntelliJ IDEA 2023.2.7\jbr\bin\server

VM Arguments:
java_command: git4idea.http.GitAskPassApp Username for 'https://github.com': 
java_class_path (initial): C:/Program Files/JetBrains/IntelliJ IDEA 2023.2.7/plugins/vcs-git/lib/git4idea-rt.jar;C:/Program Files/JetBrains/IntelliJ IDEA 2023.2.7/lib/externalProcess-rt.jar
Launcher Type: SUN_STANDARD

[Global flags]
     intx CICompilerCount                          = 3                                         {product} {ergonomic}
     uint ConcGCThreads                            = 1                                         {product} {ergonomic}
     uint G1ConcRefinementThreads                  = 4                                         {product} {ergonomic}
   size_t G1HeapRegionSize                         = 1048576                                   {product} {ergonomic}
    uintx GCDrainStackTargetSize                   = 64                                        {product} {ergonomic}
   size_t InitialHeapSize                          = 134217728                                 {product} {ergonomic}
   size_t MarkStackSize                            = 4194304                                   {product} {ergonomic}
   size_t MaxHeapSize                              = 2126512128                                {product} {ergonomic}
   size_t MaxNewSize                               = 1275068416                                {product} {ergonomic}
   size_t MinHeapDeltaBytes                        = 1048576                                   {product} {ergonomic}
   size_t MinHeapSize                              = 8388608                                   {product} {ergonomic}
    uintx NonNMethodCodeHeapSize                   = 5832780                                {pd product} {ergonomic}
    uintx NonProfiledCodeHeapSize                  = 122912730                              {pd product} {ergonomic}
    uintx ProfiledCodeHeapSize                     = 122912730                              {pd product} {ergonomic}
    uintx ReservedCodeCacheSize                    = 251658240                              {pd product} {ergonomic}
     bool SegmentedCodeCache                       = true                                      {product} {ergonomic}
   size_t SoftMaxHeapSize                          = 2126512128                             {manageable} {ergonomic}
     bool UseCompressedClassPointers               = true                           {product lp64_product} {ergonomic}
     bool UseCompressedOops                        = true                           {product lp64_product} {ergonomic}
     bool UseG1GC                                  = true                                      {product} {ergonomic}
     bool UseLargePagesIndividualAllocation        = false                                  {pd product} {ergonomic}

Logging:
Log output configuration:
 #0: stdout all=warning uptime,level,tags
 #1: stderr all=off uptime,level,tags

Environment Variables:
PATH=C:/Program Files/Git/mingw64/libexec/git-core;C:/Program Files/Git/mingw64/libexec/git-core;C:\Program Files\Git\mingw64\bin;C:\Program Files\Git\usr\bin;C:\Users\woori\bin;C:/Users/woori/AppData/Roaming/JetBrains/IntelliJIdea2023.2/node/node-v18.15.0-win-x64;C:\windows\system32;C:\windows;C:\windows\System32\Wbem;C:\windows\System32\WindowsPowerShell\v1.0\;C:\windows\System32\OpenSSH\;C:\ProgramData\scEscpp\;C:\ProgramData\scEscpp\;C:\ProgramData\scEscpp\;C:\ProgramData\scEscpp\;C:\Program Files\nodejs\;C:\Program Files\Git\cmd;C:\Users\woori\AppData\Local\Microsoft\WindowsApps;C:\Users\woori\AppData\Roaming\npm
USERNAME=woori
DISPLAY=:0.0
LC_ALL=en_US.UTF-8
TERM=xterm-256color
TMPDIR=C:\Users\woori\AppData\Local\Temp
OS=Windows_NT
PROCESSOR_IDENTIFIER=Intel64 Family 6 Model 94 Stepping 3, GenuineIntel
TMP=C:\Users\woori\AppData\Local\Temp
TEMP=C:\Users\woori\AppData\Local\Temp



Periodic native trim disabled

JNI global refs:
JNI global refs: 8, weak refs: 0

JNI global refs memory usage: 843, weak refs: 209

OOME stack traces (most recent first):
Classloader memory used:
Loader bootstrap                                                                       : 613K
Loader jdk.internal.loader.ClassLoaders$AppClassLoader                                 : 1808B


---------------  S Y S T E M  ---------------

OS:
 Windows 10 , 64 bit Build 19041 (10.0.19041.4842)
OS uptime: 13 days 11:39 hours

CPU: total 4 (initial active 4) (4 cores per cpu, 1 threads per core) family 6 model 94 stepping 3 microcode 0xcc, cx8, cmov, fxsr, mmx, 3dnowpref, sse, sse2, sse3, ssse3, sse4.1, sse4.2, popcnt, lzcnt, tsc, tscinvbit, avx, avx2, aes, erms, clmul, bmi1, bmi2, rtm, adx, fma, vzeroupper, clflush, clflushopt
Processor Information for all 4 processors :
  Max Mhz: 3192, Current Mhz: 3192, Mhz Limit: 3192

Memory: 4k page, system-wide physical 8107M (738M free)
TotalPageFile size 18731M (AvailPageFile size 3M)
current process WorkingSet (physical memory assigned to process): 32M, peak: 32M
current process commit charge ("private bytes"): 195M, peak: 196M

vm_info: OpenJDK 64-Bit Server VM (17.0.10+7-b1000.50) for windows-amd64 JRE (17.0.10+7-b1000.50), built on 2024-03-18 by "builduser" with MS VC++ 16.10 / 16.11 (VS2019)

END.
