#
# There is insufficient memory for the Java Runtime Environment to continue.
# Native memory allocation (mmap) failed to map 65536 bytes for Failed to commit metaspace.
# Possible reasons:
#   The system is out of physical RAM or swap space
#   The process is running with CompressedOops enabled, and the Java Heap may be blocking the growth of the native heap
# Possible solutions:
#   Reduce memory load on the system
#   Increase physical memory or swap space
#   Check if swap backing store is full
#   Decrease Java heap size (-Xmx/-Xms)
#   Decrease number of Java threads
#   Decrease Java thread stack sizes (-Xss)
#   Set larger code cache with -XX:ReservedCodeCacheSize=
#   JVM is running with Unscaled Compressed Oops mode in which the Java heap is
#     placed in the first 4GB address space. The Java Heap base address is the
#     maximum limit for the native heap growth. Please use -XX:HeapBaseMinAddress
#     to set the Java Heap base and to place the Java Heap above 4GB virtual address.
# This output file may be truncated or incomplete.
#
#  Out of Memory Error (virtualSpaceNode.cpp:110), pid=13924, tid=11092
#
# JRE version: OpenJDK Runtime Environment JBR-17.0.10+7-1000.50-jcef (17.0.10+7) (build 17.0.10+7-b1000.50)
# Java VM: OpenJDK 64-Bit Server VM JBR-17.0.10+7-1000.50-jcef (17.0.10+7-b1000.50, mixed mode, tiered, compressed oops, compressed class ptrs, g1 gc, windows-amd64)
# No core dump will be written. Minidumps are not enabled by default on client versions of Windows
#

---------------  S U M M A R Y ------------

Command Line: git4idea.http.GitAskPassApp Username for 'https://github.com': 

Host: Intel(R) Core(TM) i5-6500 CPU @ 3.20GHz, 4 cores, 7G,  Windows 10 , 64 bit Build 19041 (10.0.19041.4842)
Time: Sun Oct  6 10:02:10 2024  Windows 10 , 64 bit Build 19041 (10.0.19041.4842) elapsed time: 0.491147 seconds (0d 0h 0m 0s)

---------------  T H R E A D  ---------------

Current thread (0x0000015437a1fc20):  JavaThread "main" [_thread_in_vm, id=11092, stack(0x0000004974a00000,0x0000004974b00000)]

Stack: [0x0000004974a00000,0x0000004974b00000]
Native frames: (J=compiled Java code, j=interpreted, Vv=VM code, C=native code)
V  [jvm.dll+0x688a29]
V  [jvm.dll+0x84216a]
V  [jvm.dll+0x843dae]
V  [jvm.dll+0x844413]
V  [jvm.dll+0x24ba8f]
V  [jvm.dll+0x83d14b]
V  [jvm.dll+0x62d0e6]
V  [jvm.dll+0x1c284e]
V  [jvm.dll+0x62fa41]
V  [jvm.dll+0x62da86]
V  [jvm.dll+0x23f74f]
V  [jvm.dll+0x637935]
V  [jvm.dll+0x1eea1b]
V  [jvm.dll+0x1eef55]
V  [jvm.dll+0x1ef8f5]
V  [jvm.dll+0x1e4d8c]
V  [jvm.dll+0x54d98c]
V  [jvm.dll+0x7bb545]
V  [jvm.dll+0x7bb65e]
V  [jvm.dll+0x415eea]
V  [jvm.dll+0x41c089]
C  [java.dll+0x17ec]

Java frames: (J=compiled Java code, j=interpreted, Vv=VM code)
j  java.lang.ClassLoader.defineClass1(Ljava/lang/ClassLoader;Ljava/lang/String;[BIILjava/security/ProtectionDomain;Ljava/lang/String;)Ljava/lang/Class;+0 java.base@17.0.10
j  java.lang.ClassLoader.defineClass(Ljava/lang/String;[BIILjava/security/ProtectionDomain;)Ljava/lang/Class;+27 java.base@17.0.10
j  java.lang.ClassLoader.defineClass(Ljava/lang/String;Ljava/nio/ByteBuffer;Ljava/security/ProtectionDomain;)Ljava/lang/Class;+38 java.base@17.0.10
j  java.security.SecureClassLoader.defineClass(Ljava/lang/String;Ljava/nio/ByteBuffer;Ljava/security/CodeSource;)Ljava/lang/Class;+8 java.base@17.0.10
j  jdk.internal.loader.BuiltinClassLoader.defineClass(Ljava/lang/String;Ljdk/internal/loader/BuiltinClassLoader$LoadedModule;)Ljava/lang/Class;+127 java.base@17.0.10
j  jdk.internal.loader.BuiltinClassLoader.findClassInModuleOrNull(Ljdk/internal/loader/BuiltinClassLoader$LoadedModule;Ljava/lang/String;)Ljava/lang/Class;+9 java.base@17.0.10
j  jdk.internal.loader.BuiltinClassLoader.findClass(Ljava/lang/String;Ljava/lang/String;)Ljava/lang/Class;+42 java.base@17.0.10
j  java.lang.ClassLoader.loadClass(Ljava/lang/Module;Ljava/lang/String;)Ljava/lang/Class;+26 java.base@17.0.10
j  java.lang.Class.forName(Ljava/lang/Module;Ljava/lang/String;)Ljava/lang/Class;+81 java.base@17.0.10
j  java.util.ServiceLoader.loadProvider(Ljdk/internal/module/ServicesCatalog$ServiceProvider;)Ljava/util/ServiceLoader$Provider;+38 java.base@17.0.10
j  java.util.ServiceLoader$ModuleServicesLookupIterator.hasNext()Z+79 java.base@17.0.10
j  java.util.ServiceLoader$2.hasNext()Z+4 java.base@17.0.10
j  java.util.ServiceLoader$3.hasNext()Z+32 java.base@17.0.10
j  sun.security.jca.ProviderConfig$ProviderLoader.load(Ljava/lang/String;)Ljava/security/Provider;+45 java.base@17.0.10
j  sun.security.jca.ProviderConfig$3.run()Ljava/security/Provider;+44 java.base@17.0.10
j  sun.security.jca.ProviderConfig$3.run()Ljava/lang/Object;+1 java.base@17.0.10
j  java.security.AccessController.executePrivileged(Ljava/security/PrivilegedAction;Ljava/security/AccessControlContext;Ljava/lang/Class;)Ljava/lang/Object;+29 java.base@17.0.10
j  java.security.AccessController.doPrivileged(Ljava/security/PrivilegedAction;)Ljava/lang/Object;+5 java.base@17.0.10
j  sun.security.jca.ProviderConfig.doLoadProvider()Ljava/security/Provider;+8 java.base@17.0.10
j  sun.security.jca.ProviderConfig.getProvider()Ljava/security/Provider;+281 java.base@17.0.10
j  sun.security.jca.ProviderList.getProvider(I)Ljava/security/Provider;+6 java.base@17.0.10
j  sun.security.jca.ProviderList.getService(Ljava/lang/String;Ljava/lang/String;)Ljava/security/Provider$Service;+90 java.base@17.0.10
j  sun.security.jca.GetInstance.getInstance(Ljava/lang/String;Ljava/lang/Class;Ljava/lang/String;)Lsun/security/jca/GetInstance$Instance;+7 java.base@17.0.10
j  java.security.Security.getImpl(Ljava/lang/String;Ljava/lang/String;Ljava/lang/String;)[Ljava/lang/Object;+10 java.base@17.0.10
j  java.security.AlgorithmParameters.getInstance(Ljava/lang/String;)Ljava/security/AlgorithmParameters;+14 java.base@17.0.10
j  sun.security.ssl.NamedGroup.<init>(Ljava/lang/String;IILjava/lang/String;Lsun/security/ssl/NamedGroup$NamedGroupSpec;[Lsun/security/ssl/ProtocolVersion;Ljava/security/spec/AlgorithmParameterSpec;)V+87 java.base@17.0.10
j  sun.security.ssl.NamedGroup.<clinit>()V+812 java.base@17.0.10
v  ~StubRoutines::call_stub
j  sun.security.ssl.SignatureScheme.<clinit>()V+19 java.base@17.0.10
v  ~StubRoutines::call_stub
j  sun.security.ssl.SSLSessionImpl.<clinit>()V+10 java.base@17.0.10
v  ~StubRoutines::call_stub
j  sun.security.ssl.TransportContext.<init>(Lsun/security/ssl/SSLContextImpl;Lsun/security/ssl/SSLTransport;Lsun/security/ssl/SSLConfiguration;Lsun/security/ssl/InputRecord;Lsun/security/ssl/OutputRecord;Z)V+115 java.base@17.0.10
j  sun.security.ssl.TransportContext.<init>(Lsun/security/ssl/SSLContextImpl;Lsun/security/ssl/SSLTransport;Lsun/security/ssl/InputRecord;Lsun/security/ssl/OutputRecord;Z)V+17 java.base@17.0.10
j  sun.security.ssl.SSLSocketImpl.<init>(Lsun/security/ssl/SSLContextImpl;)V+87 java.base@17.0.10
j  sun.security.ssl.SSLSocketFactoryImpl.createSocket()Ljava/net/Socket;+8 java.base@17.0.10
j  javax.net.ssl.SSLContextSpi.getDefaultSocket()Ljavax/net/ssl/SSLSocket;+6 java.base@17.0.10
j  javax.net.ssl.SSLContextSpi.engineGetDefaultSSLParameters()Ljavax/net/ssl/SSLParameters;+1 java.base@17.0.10
j  javax.net.ssl.SSLContext.getDefaultSSLParameters()Ljavax/net/ssl/SSLParameters;+4 java.base@17.0.10
j  jdk.internal.net.http.HttpClientImpl.getDefaultParams(Ljavax/net/ssl/SSLContext;)Ljavax/net/ssl/SSLParameters;+1 java.net.http@17.0.10
j  jdk.internal.net.http.HttpClientImpl.<init>(Ljdk/internal/net/http/HttpClientBuilderImpl;Ljdk/internal/net/http/HttpClientImpl$SingleFacadeFactory;)V+418 java.net.http@17.0.10
j  jdk.internal.net.http.HttpClientImpl.create(Ljdk/internal/net/http/HttpClientBuilderImpl;)Ljdk/internal/net/http/HttpClientFacade;+14 java.net.http@17.0.10
j  jdk.internal.net.http.HttpClientBuilderImpl.build()Ljava/net/http/HttpClient;+1 java.net.http@17.0.10
j  externalApp.ExternalAppUtil.sendIdeRequest(Ljava/lang/String;ILjava/lang/String;Ljava/lang/String;)LexternalApp/ExternalAppUtil$Result;+77
j  git4idea.http.GitAskPassApp.main([Ljava/lang/String;)V+37
v  ~StubRoutines::call_stub

---------------  P R O C E S S  ---------------

Threads class SMR info:
_java_thread_list=0x00000154534793d0, length=12, elements={
0x0000015437a1fc20, 0x0000015453156250, 0x0000015453158b00, 0x00000154532fd3e0,
0x00000154532fdcb0, 0x00000154532ff1a0, 0x000001545331df10, 0x0000015453321b40,
0x0000015453325130, 0x00000154533497d0, 0x00000154534913c0, 0x000001545349df70
}

Java Threads: ( => current thread )
=>0x0000015437a1fc20 JavaThread "main" [_thread_in_vm, id=11092, stack(0x0000004974a00000,0x0000004974b00000)]
  0x0000015453156250 JavaThread "Reference Handler" daemon [_thread_blocked, id=19088, stack(0x0000004975100000,0x0000004975200000)]
  0x0000015453158b00 JavaThread "Finalizer" daemon [_thread_blocked, id=18304, stack(0x0000004975200000,0x0000004975300000)]
  0x00000154532fd3e0 JavaThread "Signal Dispatcher" daemon [_thread_blocked, id=20280, stack(0x0000004975300000,0x0000004975400000)]
  0x00000154532fdcb0 JavaThread "Attach Listener" daemon [_thread_blocked, id=7132, stack(0x0000004975400000,0x0000004975500000)]
  0x00000154532ff1a0 JavaThread "Service Thread" daemon [_thread_blocked, id=18648, stack(0x0000004975500000,0x0000004975600000)]
  0x000001545331df10 JavaThread "Monitor Deflation Thread" daemon [_thread_blocked, id=9896, stack(0x0000004975600000,0x0000004975700000)]
  0x0000015453321b40 JavaThread "C2 CompilerThread0" daemon [_thread_blocked, id=19764, stack(0x0000004975700000,0x0000004975800000)]
  0x0000015453325130 JavaThread "C1 CompilerThread0" daemon [_thread_blocked, id=10768, stack(0x0000004975800000,0x0000004975900000)]
  0x00000154533497d0 JavaThread "Sweeper thread" daemon [_thread_blocked, id=14376, stack(0x0000004975900000,0x0000004975a00000)]
  0x00000154534913c0 JavaThread "Notification Thread" daemon [_thread_blocked, id=18916, stack(0x0000004975a00000,0x0000004975b00000)]
  0x000001545349df70 JavaThread "Common-Cleaner" daemon [_thread_blocked, id=1228, stack(0x0000004975c00000,0x0000004975d00000)]

Other Threads:
  0x0000015453151e00 VMThread "VM Thread" [stack: 0x0000004975000000,0x0000004975100000] [id=4176]
  0x0000015453491cb0 WatcherThread [stack: 0x0000004975b00000,0x0000004975c00000] [id=14944]
  0x0000015437a774f0 GCTaskThread "GC Thread#0" [stack: 0x0000004974b00000,0x0000004974c00000] [id=16528]
  0x0000015437a881c0 ConcurrentGCThread "G1 Main Marker" [stack: 0x0000004974c00000,0x0000004974d00000] [id=17732]
  0x0000015437a89800 ConcurrentGCThread "G1 Conc#0" [stack: 0x0000004974d00000,0x0000004974e00000] [id=14480]
  0x0000015437acea00 ConcurrentGCThread "G1 Refine#0" [stack: 0x0000004974e00000,0x0000004974f00000] [id=1424]
  0x0000015452fc74e0 ConcurrentGCThread "G1 Service" [stack: 0x0000004974f00000,0x0000004975000000] [id=18000]

Threads with active compile tasks:

VM state: not at safepoint (normal execution)

VM Mutex/Monitor currently owned by a thread:  ([mutex/lock_event])
[0x0000015437a17f40] Metaspace_lock - owner thread: 0x0000015437a1fc20

Heap address: 0x0000000081400000, size: 2028 MB, Compressed Oops mode: 32-bit

CDS archive(s) not mapped
Compressed class space mapped at: 0x0000000100000000-0x0000000140000000, reserved size: 1073741824
Narrow klass base: 0x0000000000000000, Narrow klass shift: 3, Narrow klass range: 0x140000000

GC Precious Log:
 CPUs: 4 total, 4 available
 Memory: 8107M
 Large Page Support: Disabled
 NUMA Support: Disabled
 Compressed Oops: Enabled (32-bit)
 Heap Region Size: 1M
 Heap Min Capacity: 8M
 Heap Initial Capacity: 128M
 Heap Max Capacity: 2028M
 Pre-touch: Disabled
 Parallel Workers: 4
 Concurrent Workers: 1
 Concurrent Refinement Workers: 4
 Periodic GC: Disabled

Heap:
 garbage-first heap   total 131072K, used 5120K [0x0000000081400000, 0x0000000100000000)
  region size 1024K, 6 young (6144K), 0 survivors (0K)
 Metaspace       used 11723K, committed 11840K, reserved 1114112K
  class space    used 1137K, committed 1216K, reserved 1048576K

Heap Regions: E=young(eden), S=young(survivor), O=old, HS=humongous(starts), HC=humongous(continues), CS=collection set, F=free, OA=open archive, CA=closed archive, TAMS=top-at-mark-start (previous, next)
|   0|0x0000000081400000, 0x0000000081400000, 0x0000000081500000|  0%| F|  |TAMS 0x0000000081400000, 0x0000000081400000| Untracked 
|   1|0x0000000081500000, 0x0000000081500000, 0x0000000081600000|  0%| F|  |TAMS 0x0000000081500000, 0x0000000081500000| Untracked 
|   2|0x0000000081600000, 0x0000000081600000, 0x0000000081700000|  0%| F|  |TAMS 0x0000000081600000, 0x0000000081600000| Untracked 
|   3|0x0000000081700000, 0x0000000081700000, 0x0000000081800000|  0%| F|  |TAMS 0x0000000081700000, 0x0000000081700000| Untracked 
|   4|0x0000000081800000, 0x0000000081800000, 0x0000000081900000|  0%| F|  |TAMS 0x0000000081800000, 0x0000000081800000| Untracked 
|   5|0x0000000081900000, 0x0000000081900000, 0x0000000081a00000|  0%| F|  |TAMS 0x0000000081900000, 0x0000000081900000| Untracked 
|   6|0x0000000081a00000, 0x0000000081a00000, 0x0000000081b00000|  0%| F|  |TAMS 0x0000000081a00000, 0x0000000081a00000| Untracked 
|   7|0x0000000081b00000, 0x0000000081b00000, 0x0000000081c00000|  0%| F|  |TAMS 0x0000000081b00000, 0x0000000081b00000| Untracked 
|   8|0x0000000081c00000, 0x0000000081c00000, 0x0000000081d00000|  0%| F|  |TAMS 0x0000000081c00000, 0x0000000081c00000| Untracked 
|   9|0x0000000081d00000, 0x0000000081d00000, 0x0000000081e00000|  0%| F|  |TAMS 0x0000000081d00000, 0x0000000081d00000| Untracked 
|  10|0x0000000081e00000, 0x0000000081e00000, 0x0000000081f00000|  0%| F|  |TAMS 0x0000000081e00000, 0x0000000081e00000| Untracked 
|  11|0x0000000081f00000, 0x0000000081f00000, 0x0000000082000000|  0%| F|  |TAMS 0x0000000081f00000, 0x0000000081f00000| Untracked 
|  12|0x0000000082000000, 0x0000000082000000, 0x0000000082100000|  0%| F|  |TAMS 0x0000000082000000, 0x0000000082000000| Untracked 
|  13|0x0000000082100000, 0x0000000082100000, 0x0000000082200000|  0%| F|  |TAMS 0x0000000082100000, 0x0000000082100000| Untracked 
|  14|0x0000000082200000, 0x0000000082200000, 0x0000000082300000|  0%| F|  |TAMS 0x0000000082200000, 0x0000000082200000| Untracked 
|  15|0x0000000082300000, 0x0000000082300000, 0x0000000082400000|  0%| F|  |TAMS 0x0000000082300000, 0x0000000082300000| Untracked 
|  16|0x0000000082400000, 0x0000000082400000, 0x0000000082500000|  0%| F|  |TAMS 0x0000000082400000, 0x0000000082400000| Untracked 
|  17|0x0000000082500000, 0x0000000082500000, 0x0000000082600000|  0%| F|  |TAMS 0x0000000082500000, 0x0000000082500000| Untracked 
|  18|0x0000000082600000, 0x0000000082600000, 0x0000000082700000|  0%| F|  |TAMS 0x0000000082600000, 0x0000000082600000| Untracked 
|  19|0x0000000082700000, 0x0000000082700000, 0x0000000082800000|  0%| F|  |TAMS 0x0000000082700000, 0x0000000082700000| Untracked 
|  20|0x0000000082800000, 0x0000000082800000, 0x0000000082900000|  0%| F|  |TAMS 0x0000000082800000, 0x0000000082800000| Untracked 
|  21|0x0000000082900000, 0x0000000082900000, 0x0000000082a00000|  0%| F|  |TAMS 0x0000000082900000, 0x0000000082900000| Untracked 
|  22|0x0000000082a00000, 0x0000000082a00000, 0x0000000082b00000|  0%| F|  |TAMS 0x0000000082a00000, 0x0000000082a00000| Untracked 
|  23|0x0000000082b00000, 0x0000000082b00000, 0x0000000082c00000|  0%| F|  |TAMS 0x0000000082b00000, 0x0000000082b00000| Untracked 
|  24|0x0000000082c00000, 0x0000000082c00000, 0x0000000082d00000|  0%| F|  |TAMS 0x0000000082c00000, 0x0000000082c00000| Untracked 
|  25|0x0000000082d00000, 0x0000000082d00000, 0x0000000082e00000|  0%| F|  |TAMS 0x0000000082d00000, 0x0000000082d00000| Untracked 
|  26|0x0000000082e00000, 0x0000000082e00000, 0x0000000082f00000|  0%| F|  |TAMS 0x0000000082e00000, 0x0000000082e00000| Untracked 
|  27|0x0000000082f00000, 0x0000000082f00000, 0x0000000083000000|  0%| F|  |TAMS 0x0000000082f00000, 0x0000000082f00000| Untracked 
|  28|0x0000000083000000, 0x0000000083000000, 0x0000000083100000|  0%| F|  |TAMS 0x0000000083000000, 0x0000000083000000| Untracked 
|  29|0x0000000083100000, 0x0000000083100000, 0x0000000083200000|  0%| F|  |TAMS 0x0000000083100000, 0x0000000083100000| Untracked 
|  30|0x0000000083200000, 0x0000000083200000, 0x0000000083300000|  0%| F|  |TAMS 0x0000000083200000, 0x0000000083200000| Untracked 
|  31|0x0000000083300000, 0x0000000083300000, 0x0000000083400000|  0%| F|  |TAMS 0x0000000083300000, 0x0000000083300000| Untracked 
|  32|0x0000000083400000, 0x0000000083400000, 0x0000000083500000|  0%| F|  |TAMS 0x0000000083400000, 0x0000000083400000| Untracked 
|  33|0x0000000083500000, 0x0000000083500000, 0x0000000083600000|  0%| F|  |TAMS 0x0000000083500000, 0x0000000083500000| Untracked 
|  34|0x0000000083600000, 0x0000000083600000, 0x0000000083700000|  0%| F|  |TAMS 0x0000000083600000, 0x0000000083600000| Untracked 
|  35|0x0000000083700000, 0x0000000083700000, 0x0000000083800000|  0%| F|  |TAMS 0x0000000083700000, 0x0000000083700000| Untracked 
|  36|0x0000000083800000, 0x0000000083800000, 0x0000000083900000|  0%| F|  |TAMS 0x0000000083800000, 0x0000000083800000| Untracked 
|  37|0x0000000083900000, 0x0000000083900000, 0x0000000083a00000|  0%| F|  |TAMS 0x0000000083900000, 0x0000000083900000| Untracked 
|  38|0x0000000083a00000, 0x0000000083a00000, 0x0000000083b00000|  0%| F|  |TAMS 0x0000000083a00000, 0x0000000083a00000| Untracked 
|  39|0x0000000083b00000, 0x0000000083b00000, 0x0000000083c00000|  0%| F|  |TAMS 0x0000000083b00000, 0x0000000083b00000| Untracked 
|  40|0x0000000083c00000, 0x0000000083c00000, 0x0000000083d00000|  0%| F|  |TAMS 0x0000000083c00000, 0x0000000083c00000| Untracked 
|  41|0x0000000083d00000, 0x0000000083d00000, 0x0000000083e00000|  0%| F|  |TAMS 0x0000000083d00000, 0x0000000083d00000| Untracked 
|  42|0x0000000083e00000, 0x0000000083e00000, 0x0000000083f00000|  0%| F|  |TAMS 0x0000000083e00000, 0x0000000083e00000| Untracked 
|  43|0x0000000083f00000, 0x0000000083f00000, 0x0000000084000000|  0%| F|  |TAMS 0x0000000083f00000, 0x0000000083f00000| Untracked 
|  44|0x0000000084000000, 0x0000000084000000, 0x0000000084100000|  0%| F|  |TAMS 0x0000000084000000, 0x0000000084000000| Untracked 
|  45|0x0000000084100000, 0x0000000084100000, 0x0000000084200000|  0%| F|  |TAMS 0x0000000084100000, 0x0000000084100000| Untracked 
|  46|0x0000000084200000, 0x0000000084200000, 0x0000000084300000|  0%| F|  |TAMS 0x0000000084200000, 0x0000000084200000| Untracked 
|  47|0x0000000084300000, 0x0000000084300000, 0x0000000084400000|  0%| F|  |TAMS 0x0000000084300000, 0x0000000084300000| Untracked 
|  48|0x0000000084400000, 0x0000000084400000, 0x0000000084500000|  0%| F|  |TAMS 0x0000000084400000, 0x0000000084400000| Untracked 
|  49|0x0000000084500000, 0x0000000084500000, 0x0000000084600000|  0%| F|  |TAMS 0x0000000084500000, 0x0000000084500000| Untracked 
|  50|0x0000000084600000, 0x0000000084600000, 0x0000000084700000|  0%| F|  |TAMS 0x0000000084600000, 0x0000000084600000| Untracked 
|  51|0x0000000084700000, 0x0000000084700000, 0x0000000084800000|  0%| F|  |TAMS 0x0000000084700000, 0x0000000084700000| Untracked 
|  52|0x0000000084800000, 0x0000000084800000, 0x0000000084900000|  0%| F|  |TAMS 0x0000000084800000, 0x0000000084800000| Untracked 
|  53|0x0000000084900000, 0x0000000084900000, 0x0000000084a00000|  0%| F|  |TAMS 0x0000000084900000, 0x0000000084900000| Untracked 
|  54|0x0000000084a00000, 0x0000000084a00000, 0x0000000084b00000|  0%| F|  |TAMS 0x0000000084a00000, 0x0000000084a00000| Untracked 
|  55|0x0000000084b00000, 0x0000000084b00000, 0x0000000084c00000|  0%| F|  |TAMS 0x0000000084b00000, 0x0000000084b00000| Untracked 
|  56|0x0000000084c00000, 0x0000000084c00000, 0x0000000084d00000|  0%| F|  |TAMS 0x0000000084c00000, 0x0000000084c00000| Untracked 
|  57|0x0000000084d00000, 0x0000000084d00000, 0x0000000084e00000|  0%| F|  |TAMS 0x0000000084d00000, 0x0000000084d00000| Untracked 
|  58|0x0000000084e00000, 0x0000000084e00000, 0x0000000084f00000|  0%| F|  |TAMS 0x0000000084e00000, 0x0000000084e00000| Untracked 
|  59|0x0000000084f00000, 0x0000000084f00000, 0x0000000085000000|  0%| F|  |TAMS 0x0000000084f00000, 0x0000000084f00000| Untracked 
|  60|0x0000000085000000, 0x0000000085000000, 0x0000000085100000|  0%| F|  |TAMS 0x0000000085000000, 0x0000000085000000| Untracked 
|  61|0x0000000085100000, 0x0000000085100000, 0x0000000085200000|  0%| F|  |TAMS 0x0000000085100000, 0x0000000085100000| Untracked 
|  62|0x0000000085200000, 0x0000000085200000, 0x0000000085300000|  0%| F|  |TAMS 0x0000000085200000, 0x0000000085200000| Untracked 
|  63|0x0000000085300000, 0x0000000085300000, 0x0000000085400000|  0%| F|  |TAMS 0x0000000085300000, 0x0000000085300000| Untracked 
|  64|0x0000000085400000, 0x0000000085400000, 0x0000000085500000|  0%| F|  |TAMS 0x0000000085400000, 0x0000000085400000| Untracked 
|  65|0x0000000085500000, 0x0000000085500000, 0x0000000085600000|  0%| F|  |TAMS 0x0000000085500000, 0x0000000085500000| Untracked 
|  66|0x0000000085600000, 0x0000000085600000, 0x0000000085700000|  0%| F|  |TAMS 0x0000000085600000, 0x0000000085600000| Untracked 
|  67|0x0000000085700000, 0x0000000085700000, 0x0000000085800000|  0%| F|  |TAMS 0x0000000085700000, 0x0000000085700000| Untracked 
|  68|0x0000000085800000, 0x0000000085800000, 0x0000000085900000|  0%| F|  |TAMS 0x0000000085800000, 0x0000000085800000| Untracked 
|  69|0x0000000085900000, 0x0000000085900000, 0x0000000085a00000|  0%| F|  |TAMS 0x0000000085900000, 0x0000000085900000| Untracked 
|  70|0x0000000085a00000, 0x0000000085a00000, 0x0000000085b00000|  0%| F|  |TAMS 0x0000000085a00000, 0x0000000085a00000| Untracked 
|  71|0x0000000085b00000, 0x0000000085b00000, 0x0000000085c00000|  0%| F|  |TAMS 0x0000000085b00000, 0x0000000085b00000| Untracked 
|  72|0x0000000085c00000, 0x0000000085c00000, 0x0000000085d00000|  0%| F|  |TAMS 0x0000000085c00000, 0x0000000085c00000| Untracked 
|  73|0x0000000085d00000, 0x0000000085d00000, 0x0000000085e00000|  0%| F|  |TAMS 0x0000000085d00000, 0x0000000085d00000| Untracked 
|  74|0x0000000085e00000, 0x0000000085e00000, 0x0000000085f00000|  0%| F|  |TAMS 0x0000000085e00000, 0x0000000085e00000| Untracked 
|  75|0x0000000085f00000, 0x0000000085f00000, 0x0000000086000000|  0%| F|  |TAMS 0x0000000085f00000, 0x0000000085f00000| Untracked 
|  76|0x0000000086000000, 0x0000000086000000, 0x0000000086100000|  0%| F|  |TAMS 0x0000000086000000, 0x0000000086000000| Untracked 
|  77|0x0000000086100000, 0x0000000086100000, 0x0000000086200000|  0%| F|  |TAMS 0x0000000086100000, 0x0000000086100000| Untracked 
|  78|0x0000000086200000, 0x0000000086200000, 0x0000000086300000|  0%| F|  |TAMS 0x0000000086200000, 0x0000000086200000| Untracked 
|  79|0x0000000086300000, 0x0000000086300000, 0x0000000086400000|  0%| F|  |TAMS 0x0000000086300000, 0x0000000086300000| Untracked 
|  80|0x0000000086400000, 0x0000000086400000, 0x0000000086500000|  0%| F|  |TAMS 0x0000000086400000, 0x0000000086400000| Untracked 
|  81|0x0000000086500000, 0x0000000086500000, 0x0000000086600000|  0%| F|  |TAMS 0x0000000086500000, 0x0000000086500000| Untracked 
|  82|0x0000000086600000, 0x0000000086600000, 0x0000000086700000|  0%| F|  |TAMS 0x0000000086600000, 0x0000000086600000| Untracked 
|  83|0x0000000086700000, 0x0000000086700000, 0x0000000086800000|  0%| F|  |TAMS 0x0000000086700000, 0x0000000086700000| Untracked 
|  84|0x0000000086800000, 0x0000000086800000, 0x0000000086900000|  0%| F|  |TAMS 0x0000000086800000, 0x0000000086800000| Untracked 
|  85|0x0000000086900000, 0x0000000086900000, 0x0000000086a00000|  0%| F|  |TAMS 0x0000000086900000, 0x0000000086900000| Untracked 
|  86|0x0000000086a00000, 0x0000000086a00000, 0x0000000086b00000|  0%| F|  |TAMS 0x0000000086a00000, 0x0000000086a00000| Untracked 
|  87|0x0000000086b00000, 0x0000000086b00000, 0x0000000086c00000|  0%| F|  |TAMS 0x0000000086b00000, 0x0000000086b00000| Untracked 
|  88|0x0000000086c00000, 0x0000000086c00000, 0x0000000086d00000|  0%| F|  |TAMS 0x0000000086c00000, 0x0000000086c00000| Untracked 
|  89|0x0000000086d00000, 0x0000000086d00000, 0x0000000086e00000|  0%| F|  |TAMS 0x0000000086d00000, 0x0000000086d00000| Untracked 
|  90|0x0000000086e00000, 0x0000000086e00000, 0x0000000086f00000|  0%| F|  |TAMS 0x0000000086e00000, 0x0000000086e00000| Untracked 
|  91|0x0000000086f00000, 0x0000000086f00000, 0x0000000087000000|  0%| F|  |TAMS 0x0000000086f00000, 0x0000000086f00000| Untracked 
|  92|0x0000000087000000, 0x0000000087000000, 0x0000000087100000|  0%| F|  |TAMS 0x0000000087000000, 0x0000000087000000| Untracked 
|  93|0x0000000087100000, 0x0000000087100000, 0x0000000087200000|  0%| F|  |TAMS 0x0000000087100000, 0x0000000087100000| Untracked 
|  94|0x0000000087200000, 0x0000000087200000, 0x0000000087300000|  0%| F|  |TAMS 0x0000000087200000, 0x0000000087200000| Untracked 
|  95|0x0000000087300000, 0x0000000087300000, 0x0000000087400000|  0%| F|  |TAMS 0x0000000087300000, 0x0000000087300000| Untracked 
|  96|0x0000000087400000, 0x0000000087400000, 0x0000000087500000|  0%| F|  |TAMS 0x0000000087400000, 0x0000000087400000| Untracked 
|  97|0x0000000087500000, 0x0000000087500000, 0x0000000087600000|  0%| F|  |TAMS 0x0000000087500000, 0x0000000087500000| Untracked 
|  98|0x0000000087600000, 0x0000000087600000, 0x0000000087700000|  0%| F|  |TAMS 0x0000000087600000, 0x0000000087600000| Untracked 
|  99|0x0000000087700000, 0x0000000087700000, 0x0000000087800000|  0%| F|  |TAMS 0x0000000087700000, 0x0000000087700000| Untracked 
| 100|0x0000000087800000, 0x0000000087800000, 0x0000000087900000|  0%| F|  |TAMS 0x0000000087800000, 0x0000000087800000| Untracked 
| 101|0x0000000087900000, 0x0000000087900000, 0x0000000087a00000|  0%| F|  |TAMS 0x0000000087900000, 0x0000000087900000| Untracked 
| 102|0x0000000087a00000, 0x0000000087a00000, 0x0000000087b00000|  0%| F|  |TAMS 0x0000000087a00000, 0x0000000087a00000| Untracked 
| 103|0x0000000087b00000, 0x0000000087b00000, 0x0000000087c00000|  0%| F|  |TAMS 0x0000000087b00000, 0x0000000087b00000| Untracked 
| 104|0x0000000087c00000, 0x0000000087c00000, 0x0000000087d00000|  0%| F|  |TAMS 0x0000000087c00000, 0x0000000087c00000| Untracked 
| 105|0x0000000087d00000, 0x0000000087d00000, 0x0000000087e00000|  0%| F|  |TAMS 0x0000000087d00000, 0x0000000087d00000| Untracked 
| 106|0x0000000087e00000, 0x0000000087e00000, 0x0000000087f00000|  0%| F|  |TAMS 0x0000000087e00000, 0x0000000087e00000| Untracked 
| 107|0x0000000087f00000, 0x0000000087f00000, 0x0000000088000000|  0%| F|  |TAMS 0x0000000087f00000, 0x0000000087f00000| Untracked 
| 108|0x0000000088000000, 0x0000000088000000, 0x0000000088100000|  0%| F|  |TAMS 0x0000000088000000, 0x0000000088000000| Untracked 
| 109|0x0000000088100000, 0x0000000088100000, 0x0000000088200000|  0%| F|  |TAMS 0x0000000088100000, 0x0000000088100000| Untracked 
| 110|0x0000000088200000, 0x0000000088200000, 0x0000000088300000|  0%| F|  |TAMS 0x0000000088200000, 0x0000000088200000| Untracked 
| 111|0x0000000088300000, 0x0000000088300000, 0x0000000088400000|  0%| F|  |TAMS 0x0000000088300000, 0x0000000088300000| Untracked 
| 112|0x0000000088400000, 0x0000000088400000, 0x0000000088500000|  0%| F|  |TAMS 0x0000000088400000, 0x0000000088400000| Untracked 
| 113|0x0000000088500000, 0x0000000088500000, 0x0000000088600000|  0%| F|  |TAMS 0x0000000088500000, 0x0000000088500000| Untracked 
| 114|0x0000000088600000, 0x0000000088600000, 0x0000000088700000|  0%| F|  |TAMS 0x0000000088600000, 0x0000000088600000| Untracked 
| 115|0x0000000088700000, 0x0000000088700000, 0x0000000088800000|  0%| F|  |TAMS 0x0000000088700000, 0x0000000088700000| Untracked 
| 116|0x0000000088800000, 0x0000000088800000, 0x0000000088900000|  0%| F|  |TAMS 0x0000000088800000, 0x0000000088800000| Untracked 
| 117|0x0000000088900000, 0x0000000088900000, 0x0000000088a00000|  0%| F|  |TAMS 0x0000000088900000, 0x0000000088900000| Untracked 
| 118|0x0000000088a00000, 0x0000000088a00000, 0x0000000088b00000|  0%| F|  |TAMS 0x0000000088a00000, 0x0000000088a00000| Untracked 
| 119|0x0000000088b00000, 0x0000000088b00000, 0x0000000088c00000|  0%| F|  |TAMS 0x0000000088b00000, 0x0000000088b00000| Untracked 
| 120|0x0000000088c00000, 0x0000000088c00000, 0x0000000088d00000|  0%| F|  |TAMS 0x0000000088c00000, 0x0000000088c00000| Untracked 
| 121|0x0000000088d00000, 0x0000000088d00000, 0x0000000088e00000|  0%| F|  |TAMS 0x0000000088d00000, 0x0000000088d00000| Untracked 
| 122|0x0000000088e00000, 0x0000000088ec98b8, 0x0000000088f00000| 78%| E|  |TAMS 0x0000000088e00000, 0x0000000088e00000| Complete 
| 123|0x0000000088f00000, 0x0000000089000000, 0x0000000089000000|100%| E|CS|TAMS 0x0000000088f00000, 0x0000000088f00000| Complete 
| 124|0x0000000089000000, 0x0000000089100000, 0x0000000089100000|100%| E|CS|TAMS 0x0000000089000000, 0x0000000089000000| Complete 
| 125|0x0000000089100000, 0x0000000089200000, 0x0000000089200000|100%| E|CS|TAMS 0x0000000089100000, 0x0000000089100000| Complete 
| 126|0x0000000089200000, 0x0000000089300000, 0x0000000089300000|100%| E|CS|TAMS 0x0000000089200000, 0x0000000089200000| Complete 
| 127|0x0000000089300000, 0x0000000089400000, 0x0000000089400000|100%| E|CS|TAMS 0x0000000089300000, 0x0000000089300000| Complete 

Card table byte_map: [0x000001544c3a0000,0x000001544c7a0000] _byte_map_base: 0x000001544bf96000

Marking Bits (Prev, Next): (CMBitMap*) 0x0000015437a77b10, (CMBitMap*) 0x0000015437a77b50
 Prev Bits: [0x000001544cba0000, 0x000001544eb50000)
 Next Bits: [0x000001544eb50000, 0x0000015450b00000)

Polling page: 0x000001543c940000

Metaspace:

Usage:
  Non-class:     10.34 MB used.
      Class:      1.11 MB used.
       Both:     11.45 MB used.

Virtual space:
  Non-class space:       64.00 MB reserved,      10.38 MB ( 16%) committed,  1 nodes.
      Class space:        1.00 GB reserved,       1.19 MB ( <1%) committed,  1 nodes.
             Both:        1.06 GB reserved,      11.56 MB (  1%) committed. 

Chunk freelists:
   Non-Class:  4.92 MB
       Class:  14.72 MB
        Both:  19.64 MB

MaxMetaspaceSize: unlimited
CompressedClassSpaceSize: 1.00 GB
Initial GC threshold: 21.00 MB
Current GC threshold: 21.00 MB
CDS: off
MetaspaceReclaimPolicy: balanced
 - commit_granule_bytes: 65536.
 - commit_granule_words: 8192.
 - virtual_space_node_default_size: 8388608.
 - enlarge_chunks_in_place: 1.
 - new_chunks_are_fully_committed: 0.
 - uncommit_free_chunks: 1.
 - use_allocation_guard: 0.
 - handle_deallocations: 1.


Internal statistics:

num_allocs_failed_limit: 0.
num_arena_births: 56.
num_arena_deaths: 0.
num_vsnodes_births: 2.
num_vsnodes_deaths: 0.
num_space_committed: 185.
num_space_uncommitted: 0.
num_chunks_returned_to_freelist: 0.
num_chunks_taken_from_freelist: 115.
num_chunk_merges: 0.
num_chunk_splits: 59.
num_chunks_enlarged: 35.
num_inconsistent_stats: 0.

CodeHeap 'non-profiled nmethods': size=120000Kb used=158Kb max_used=158Kb free=119841Kb
 bounds [0x0000015444430000, 0x00000154446a0000, 0x000001544b960000]
CodeHeap 'profiled nmethods': size=120000Kb used=820Kb max_used=820Kb free=119179Kb
 bounds [0x000001543c960000, 0x000001543cbd0000, 0x0000015443e90000]
CodeHeap 'non-nmethods': size=5760Kb used=1156Kb max_used=1171Kb free=4603Kb
 bounds [0x0000015443e90000, 0x0000015444100000, 0x0000015444430000]
 total_blobs=1016 nmethods=566 adapters=363
 compilation: enabled
              stopped_count=0, restarted_count=0
 full_count=0

Compilation events (20 events):
Event: 0.482 Thread 0x0000015453325130  556       3       jdk.internal.jimage.ImageStringsReader::match (11 bytes)
Event: 0.483 Thread 0x0000015453325130 nmethod 556 0x000001543ca29c10 code [0x000001543ca29dc0, 0x000001543ca29f88]
Event: 0.483 Thread 0x0000015453325130  557       3       jdk.internal.jimage.BasicImageReader::match (37 bytes)
Event: 0.483 Thread 0x0000015453325130 nmethod 557 0x000001543ca2a090 code [0x000001543ca2a260, 0x000001543ca2a4f8]
Event: 0.483 Thread 0x0000015453321b40  558   !   4       java.nio.DirectByteBuffer::get (34 bytes)
Event: 0.483 Thread 0x0000015453325130  560       1       java.net.URL::getProtocol (5 bytes)
Event: 0.483 Thread 0x0000015453325130 nmethod 560 0x0000015444456810 code [0x00000154444569a0, 0x0000015444456a78]
Event: 0.484 Thread 0x0000015453321b40 nmethod 558 0x0000015444456b10 code [0x0000015444456ca0, 0x0000015444456db8]
Event: 0.484 Thread 0x0000015453321b40  559       4       java.lang.StringLatin1::lastIndexOf (40 bytes)
Event: 0.484 Thread 0x0000015453325130  561       3       java.lang.StringBuilder::append (9 bytes)
Event: 0.484 Thread 0x0000015453325130 nmethod 561 0x000001543ca2a610 code [0x000001543ca2a7e0, 0x000001543ca2ab18]
Event: 0.484 Thread 0x0000015453325130  564   !   2       jdk.internal.misc.ScopedMemoryAccess::getByteInternal (36 bytes)
Event: 0.484 Thread 0x0000015453325130 nmethod 564 0x000001543ca2ac90 code [0x000001543ca2ae20, 0x000001543ca2afa8]
Event: 0.484 Thread 0x0000015453325130  565       3       java.util.zip.Inflater::inflate (9 bytes)
Event: 0.484 Thread 0x0000015453325130 nmethod 565 0x000001543ca2b090 code [0x000001543ca2b240, 0x000001543ca2b3a8]
Event: 0.484 Thread 0x0000015453325130  566   !   3       java.util.zip.Inflater::inflate (418 bytes)
Event: 0.485 Thread 0x0000015453325130 nmethod 566 0x000001543ca2b490 code [0x000001543ca2b760, 0x000001543ca2c928]
Event: 0.486 Thread 0x0000015453321b40 nmethod 559 0x0000015444457310 code [0x0000015444457480, 0x0000015444457658]
Event: 0.486 Thread 0x0000015453321b40  563   !   4       jdk.internal.misc.ScopedMemoryAccess::getByte (20 bytes)
Event: 0.486 Thread 0x0000015453321b40 nmethod 563 0x0000015444457790 code [0x0000015444457900, 0x00000154444579b8]

GC Heap History (0 events):
No events

Dll operation events (1 events):
Event: 0.019 Loaded shared library C:\Program Files\JetBrains\IntelliJ IDEA 2023.2.7\jbr\bin\java.dll

Deoptimization events (0 events):
No events

Classes unloaded (0 events):
No events

Classes redefined (0 events):
No events

Internal exceptions (16 events):
Event: 0.264 Thread 0x0000015437a1fc20 Exception <a 'sun/nio/fs/WindowsException'{0x000000008916e8e8}> (0x000000008916e8e8) 
thrown [s\src\hotspot\share\prims\jni.cpp, line 517]
Event: 0.285 Thread 0x0000015437a1fc20 Exception <a 'java/lang/NoSuchMethodError'{0x000000008919a480}: 'int java.lang.invoke.DirectMethodHandle$Holder.invokeStaticInit(java.lang.Object, java.lang.Object, java.lang.Object, java.lang.Object)'> (0x000000008919a480) 
thrown [s\src\hotspot\share\interpreter\linkResolver.cpp, line 771]
Event: 0.286 Thread 0x0000015437a1fc20 Exception <a 'java/lang/NoSuchMethodError'{0x00000000891a5150}: 'java.lang.Object java.lang.invoke.DirectMethodHandle$Holder.invokeInterface(java.lang.Object, java.lang.Object)'> (0x00000000891a5150) 
thrown [s\src\hotspot\share\interpreter\linkResolver.cpp, line 771]
Event: 0.287 Thread 0x0000015437a1fc20 Exception <a 'java/lang/IncompatibleClassChangeError'{0x00000000891a8a70}: Found class java.lang.Object, but interface was expected> (0x00000000891a8a70) 
thrown [s\src\hotspot\share\interpreter\linkResolver.cpp, line 838]
Event: 0.287 Thread 0x0000015437a1fc20 Exception <a 'java/lang/NoSuchMethodError'{0x00000000891abe20}: 'void java.lang.invoke.DirectMethodHandle$Holder.invokeStatic(java.lang.Object, java.lang.Object)'> (0x00000000891abe20) 
thrown [s\src\hotspot\share\interpreter\linkResolver.cpp, line 771]
Event: 0.288 Thread 0x0000015437a1fc20 Exception <a 'java/lang/NoSuchMethodError'{0x00000000891af738}: 'void java.lang.invoke.DirectMethodHandle$Holder.invokeStaticInit(java.lang.Object, java.lang.Object)'> (0x00000000891af738) 
thrown [s\src\hotspot\share\interpreter\linkResolver.cpp, line 771]
Event: 0.289 Thread 0x0000015437a1fc20 Exception <a 'java/lang/NoSuchMethodError'{0x00000000891b5f90}: 'int java.lang.invoke.DirectMethodHandle$Holder.invokeStaticInit(java.lang.Object, java.lang.Object)'> (0x00000000891b5f90) 
thrown [s\src\hotspot\share\interpreter\linkResolver.cpp, line 771]
Event: 0.325 Thread 0x0000015437a1fc20 Exception <a 'java/lang/NoSuchMethodError'{0x00000000890d1620}: 'java.lang.Object java.lang.invoke.DirectMethodHandle$Holder.invokeStaticInit(java.lang.Object, int, int, int, int)'> (0x00000000890d1620) 
thrown [s\src\hotspot\share\interpreter\linkResolver.cpp, line 771]
Event: 0.410 Thread 0x0000015437a1fc20 Exception <a 'java/lang/NoSuchMethodError'{0x0000000088f063d0}: 'java.lang.Object java.lang.invoke.DirectMethodHandle$Holder.invokeStaticInit(java.lang.Object, java.lang.Object, int, int, int, int)'> (0x0000000088f063d0) 
thrown [s\src\hotspot\share\interpreter\linkResolver.cpp, line 771]
Event: 0.421 Thread 0x0000015437a1fc20 Exception <a 'java/lang/NoSuchMethodError'{0x0000000088f6f520}: 'java.lang.Object java.lang.invoke.DirectMethodHandle$Holder.invokeStatic(java.lang.Object, java.lang.Object, int)'> (0x0000000088f6f520) 
thrown [s\src\hotspot\share\interpreter\linkResolver.cpp, line 771]
Event: 0.422 Thread 0x0000015437a1fc20 Exception <a 'java/lang/NoSuchMethodError'{0x0000000088f72c98}: 'java.lang.Object java.lang.invoke.DirectMethodHandle$Holder.invokeStaticInit(java.lang.Object, java.lang.Object, int)'> (0x0000000088f72c98) 
thrown [s\src\hotspot\share\interpreter\linkResolver.cpp, line 771]
Event: 0.422 Thread 0x0000015437a1fc20 Exception <a 'java/lang/NoSuchMethodError'{0x0000000088f79048}: 'java.lang.Object java.lang.invoke.DirectMethodHandle$Holder.newInvokeSpecial(java.lang.Object, java.lang.Object, int)'> (0x0000000088f79048) 
thrown [s\src\hotspot\share\interpreter\linkResolver.cpp, line 771]
Event: 0.428 Thread 0x0000015437a1fc20 Exception <a 'java/lang/NoSuchMethodError'{0x0000000088f88e98}: 'int java.lang.invoke.DirectMethodHandle$Holder.invokeStaticInit(java.lang.Object, java.lang.Object, java.lang.Object)'> (0x0000000088f88e98) 
thrown [s\src\hotspot\share\interpreter\linkResolver.cpp, line 771]
Event: 0.430 Thread 0x0000015437a1fc20 Exception <a 'java/lang/NoSuchMethodError'{0x0000000088f99078}: 'int java.lang.invoke.DirectMethodHandle$Holder.invokeSpecial(java.lang.Object, java.lang.Object, java.lang.Object)'> (0x0000000088f99078) 
thrown [s\src\hotspot\share\interpreter\linkResolver.cpp, line 771]
Event: 0.431 Thread 0x0000015437a1fc20 Exception <a 'java/lang/NoSuchMethodError'{0x0000000088fa1458}: 'int java.lang.invoke.DirectMethodHandle$Holder.invokeSpecialIFC(java.lang.Object, java.lang.Object, java.lang.Object)'> (0x0000000088fa1458) 
thrown [s\src\hotspot\share\interpreter\linkResolver.cpp, line 771]
Event: 0.459 Thread 0x0000015437a1fc20 Exception <a 'java/lang/NoSuchMethodError'{0x0000000088e2de18}: 'java.lang.Object java.lang.invoke.DirectMethodHandle$Holder.invokeStaticInit(java.lang.Object)'> (0x0000000088e2de18) 
thrown [s\src\hotspot\share\interpreter\linkResolver.cpp, line 771]

VM Operations (8 events):
Event: 0.161 Executing VM operation: HandshakeAllThreads
Event: 0.161 Executing VM operation: HandshakeAllThreads done
Event: 0.178 Executing VM operation: HandshakeAllThreads
Event: 0.178 Executing VM operation: HandshakeAllThreads done
Event: 0.357 Executing VM operation: HandshakeAllThreads
Event: 0.357 Executing VM operation: HandshakeAllThreads done
Event: 0.462 Executing VM operation: HandshakeAllThreads
Event: 0.462 Executing VM operation: HandshakeAllThreads done

Events (20 events):
Event: 0.473 loading class sun/security/ssl/SSLConfiguration done
Event: 0.473 loading class javax/crypto/KeyGenerator
Event: 0.473 loading class javax/crypto/KeyGenerator done
Event: 0.473 loading class com/sun/crypto/provider/TlsMasterSecretGenerator
Event: 0.473 loading class javax/crypto/KeyGeneratorSpi
Event: 0.473 loading class javax/crypto/KeyGeneratorSpi done
Event: 0.473 loading class com/sun/crypto/provider/TlsMasterSecretGenerator done
Event: 0.473 loading class sun/security/ssl/ClientAuthType
Event: 0.473 loading class sun/security/ssl/ClientAuthType done
Event: 0.473 loading class sun/security/ssl/SSLConfiguration$CustomizedClientSignatureSchemes
Event: 0.473 loading class sun/security/ssl/SSLConfiguration$CustomizedClientSignatureSchemes done
Event: 0.473 loading class sun/security/ssl/SSLSessionImpl
Event: 0.474 loading class javax/net/ssl/ExtendedSSLSession
Event: 0.474 loading class javax/net/ssl/ExtendedSSLSession done
Event: 0.474 loading class sun/security/ssl/SSLSessionImpl done
Event: 0.474 loading class sun/security/ssl/SignatureScheme
Event: 0.474 loading class sun/security/ssl/SignatureScheme done
Event: 0.479 Loaded shared library C:\Program Files\JetBrains\IntelliJ IDEA 2023.2.7\jbr\bin\sunmscapi.dll
Event: 0.484 loading class jdk/internal/misc/ScopedMemoryAccess$Scope
Event: 0.484 loading class jdk/internal/misc/ScopedMemoryAccess$Scope done


Dynamic libraries:
0x00007ff78fbb0000 - 0x00007ff78fbba000 	C:\Program Files\JetBrains\IntelliJ IDEA 2023.2.7\jbr\bin\java.exe
0x00007ffac2530000 - 0x00007ffac2728000 	C:\windows\SYSTEM32\ntdll.dll
0x00007ffac0ba0000 - 0x00007ffac0c61000 	C:\windows\System32\KERNEL32.DLL
0x00007ffabfd50000 - 0x00007ffac004d000 	C:\windows\System32\KERNELBASE.dll
0x0000000052fd0000 - 0x0000000053065000 	C:\windows\System32\SYSFER.DLL
0x00007ffac1a30000 - 0x00007ffac1ae0000 	C:\windows\System32\ADVAPI32.dll
0x00007ffac1be0000 - 0x00007ffac1c7e000 	C:\windows\System32\msvcrt.dll
0x00007ffac16d0000 - 0x00007ffac1770000 	C:\windows\System32\sechost.dll
0x00007ffac0a10000 - 0x00007ffac0b33000 	C:\windows\System32\RPCRT4.dll
0x00007ffac0200000 - 0x00007ffac0227000 	C:\windows\System32\bcrypt.dll
0x00007ffabfc50000 - 0x00007ffabfd50000 	C:\windows\System32\ucrtbase.dll
0x00007ffab8350000 - 0x00007ffab8367000 	C:\Program Files\JetBrains\IntelliJ IDEA 2023.2.7\jbr\bin\jli.dll
0x00007ffaadfb0000 - 0x00007ffaadfcb000 	C:\Program Files\JetBrains\IntelliJ IDEA 2023.2.7\jbr\bin\VCRUNTIME140.dll
0x00007ffac1890000 - 0x00007ffac1a2d000 	C:\windows\System32\USER32.dll
0x00007ffac0400000 - 0x00007ffac0422000 	C:\windows\System32\win32u.dll
0x00007ffac0920000 - 0x00007ffac094b000 	C:\windows\System32\GDI32.dll
0x00007ffac0230000 - 0x00007ffac0347000 	C:\windows\System32\gdi32full.dll
0x00007ffac04c0000 - 0x00007ffac055d000 	C:\windows\System32\msvcp_win.dll
0x00007ffaa0090000 - 0x00007ffaa032a000 	C:\windows\WinSxS\amd64_microsoft.windows.common-controls_6595b64144ccf1df_6.0.19041.4355_none_60b8b9eb71f62e16\COMCTL32.dll
0x00007ffac1c80000 - 0x00007ffac1caf000 	C:\windows\System32\IMM32.DLL
0x00007ffab7b40000 - 0x00007ffab7b4c000 	C:\Program Files\JetBrains\IntelliJ IDEA 2023.2.7\jbr\bin\vcruntime140_1.dll
0x00007ffa90e70000 - 0x00007ffa90efd000 	C:\Program Files\JetBrains\IntelliJ IDEA 2023.2.7\jbr\bin\msvcp140.dll
0x00007ffa89330000 - 0x00007ffa89fb3000 	C:\Program Files\JetBrains\IntelliJ IDEA 2023.2.7\jbr\bin\server\jvm.dll
0x00007ffabf120000 - 0x00007ffabf16b000 	C:\windows\SYSTEM32\POWRPROF.dll
0x00007ffabce00000 - 0x00007ffabce09000 	C:\windows\SYSTEM32\WSOCK32.dll
0x00007ffac1cb0000 - 0x00007ffac1d1b000 	C:\windows\System32\WS2_32.dll
0x00007ffa99360000 - 0x00007ffa99387000 	C:\windows\SYSTEM32\WINMM.dll
0x00007ffabad20000 - 0x00007ffabad2a000 	C:\windows\SYSTEM32\VERSION.dll
0x00007ffabefe0000 - 0x00007ffabeff2000 	C:\windows\SYSTEM32\UMPDC.dll
0x00007ffabda70000 - 0x00007ffabda82000 	C:\windows\SYSTEM32\kernel.appcore.dll
0x00007ffabcdf0000 - 0x00007ffabcdfa000 	C:\Program Files\JetBrains\IntelliJ IDEA 2023.2.7\jbr\bin\jimage.dll
0x00007ffaaad00000 - 0x00007ffaaaee4000 	C:\windows\SYSTEM32\DBGHELP.DLL
0x00007ffaabe10000 - 0x00007ffaabe44000 	C:\windows\SYSTEM32\dbgcore.DLL
0x00007ffac0430000 - 0x00007ffac04b2000 	C:\windows\System32\bcryptPrimitives.dll
0x00007ffabcda0000 - 0x00007ffabcdc5000 	C:\Program Files\JetBrains\IntelliJ IDEA 2023.2.7\jbr\bin\java.dll
0x00007ffabb8b0000 - 0x00007ffabb8c8000 	C:\Program Files\JetBrains\IntelliJ IDEA 2023.2.7\jbr\bin\zip.dll
0x00007ffac0f50000 - 0x00007ffac16bf000 	C:\windows\System32\SHELL32.dll
0x00007ffabdc80000 - 0x00007ffabe423000 	C:\windows\SYSTEM32\windows.storage.dll
0x00007ffac05c0000 - 0x00007ffac0913000 	C:\windows\System32\combase.dll
0x00007ffabf610000 - 0x00007ffabf63e000 	C:\windows\SYSTEM32\Wldp.dll
0x00007ffac0e80000 - 0x00007ffac0f4d000 	C:\windows\System32\OLEAUT32.dll
0x00007ffac2440000 - 0x00007ffac24ed000 	C:\windows\System32\SHCORE.dll
0x00007ffac23d0000 - 0x00007ffac2425000 	C:\windows\System32\shlwapi.dll
0x00007ffabfb10000 - 0x00007ffabfb34000 	C:\windows\SYSTEM32\profapi.dll
0x00007ffabaa50000 - 0x00007ffabaa69000 	C:\Program Files\JetBrains\IntelliJ IDEA 2023.2.7\jbr\bin\net.dll
0x00007ffab9170000 - 0x00007ffab927d000 	C:\windows\SYSTEM32\WINHTTP.dll
0x00007ffabf370000 - 0x00007ffabf3da000 	C:\windows\system32\mswsock.dll
0x00007ffab8380000 - 0x00007ffab8396000 	C:\Program Files\JetBrains\IntelliJ IDEA 2023.2.7\jbr\bin\nio.dll
0x00007ffabf560000 - 0x00007ffabf578000 	C:\windows\SYSTEM32\CRYPTSP.dll
0x00007ffabec20000 - 0x00007ffabec54000 	C:\windows\system32\rsaenh.dll
0x00007ffabfad0000 - 0x00007ffabfafe000 	C:\windows\SYSTEM32\USERENV.dll
0x00007ffabf580000 - 0x00007ffabf58c000 	C:\windows\SYSTEM32\CRYPTBASE.dll
0x00007ffabf000000 - 0x00007ffabf03b000 	C:\windows\SYSTEM32\IPHLPAPI.DLL
0x00007ffac0950000 - 0x00007ffac0958000 	C:\windows\System32\NSI.dll
0x00007ffaba7d0000 - 0x00007ffaba7e7000 	C:\windows\SYSTEM32\dhcpcsvc6.DLL
0x00007ffaba7b0000 - 0x00007ffaba7cd000 	C:\windows\SYSTEM32\dhcpcsvc.DLL
0x00007ffabf050000 - 0x00007ffabf11a000 	C:\windows\SYSTEM32\DNSAPI.dll
0x00007ffabb9e0000 - 0x00007ffabb9ee000 	C:\Program Files\JetBrains\IntelliJ IDEA 2023.2.7\jbr\bin\sunmscapi.dll
0x00007ffac00a0000 - 0x00007ffac01fc000 	C:\windows\System32\CRYPT32.dll
0x00007ffabf680000 - 0x00007ffabf6a9000 	C:\windows\SYSTEM32\ncrypt.dll
0x00007ffabf640000 - 0x00007ffabf67b000 	C:\windows\SYSTEM32\NTASN1.dll

dbghelp: loaded successfully - version: 4.0.5 - missing functions: none
symbol engine: initialized successfully - sym options: 0x614 - pdb path: .;C:\Program Files\JetBrains\IntelliJ IDEA 2023.2.7\jbr\bin;C:\windows\SYSTEM32;C:\windows\WinSxS\amd64_microsoft.windows.common-controls_6595b64144ccf1df_6.0.19041.4355_none_60b8b9eb71f62e16;C:\Program Files\JetBrains\IntelliJ IDEA 2023.2.7\jbr\bin\server

VM Arguments:
java_command: git4idea.http.GitAskPassApp Username for 'https://github.com': 
java_class_path (initial): C:/Program Files/JetBrains/IntelliJ IDEA 2023.2.7/plugins/vcs-git/lib/git4idea-rt.jar;C:/Program Files/JetBrains/IntelliJ IDEA 2023.2.7/lib/externalProcess-rt.jar
Launcher Type: SUN_STANDARD

[Global flags]
     intx CICompilerCount                          = 3                                         {product} {ergonomic}
     uint ConcGCThreads                            = 1                                         {product} {ergonomic}
     uint G1ConcRefinementThreads                  = 4                                         {product} {ergonomic}
   size_t G1HeapRegionSize                         = 1048576                                   {product} {ergonomic}
    uintx GCDrainStackTargetSize                   = 64                                        {product} {ergonomic}
   size_t InitialHeapSize                          = 134217728                                 {product} {ergonomic}
   size_t MarkStackSize                            = 4194304                                   {product} {ergonomic}
   size_t MaxHeapSize                              = 2126512128                                {product} {ergonomic}
   size_t MaxNewSize                               = 1275068416                                {product} {ergonomic}
   size_t MinHeapDeltaBytes                        = 1048576                                   {product} {ergonomic}
   size_t MinHeapSize                              = 8388608                                   {product} {ergonomic}
    uintx NonNMethodCodeHeapSize                   = 5832780                                {pd product} {ergonomic}
    uintx NonProfiledCodeHeapSize                  = 122912730                              {pd product} {ergonomic}
    uintx ProfiledCodeHeapSize                     = 122912730                              {pd product} {ergonomic}
    uintx ReservedCodeCacheSize                    = 251658240                              {pd product} {ergonomic}
     bool SegmentedCodeCache                       = true                                      {product} {ergonomic}
   size_t SoftMaxHeapSize                          = 2126512128                             {manageable} {ergonomic}
     bool UseCompressedClassPointers               = true                           {product lp64_product} {ergonomic}
     bool UseCompressedOops                        = true                           {product lp64_product} {ergonomic}
     bool UseG1GC                                  = true                                      {product} {ergonomic}
     bool UseLargePagesIndividualAllocation        = false                                  {pd product} {ergonomic}

Logging:
Log output configuration:
 #0: stdout all=warning uptime,level,tags
 #1: stderr all=off uptime,level,tags

Environment Variables:
PATH=C:/Program Files/Git/mingw64/libexec/git-core;C:/Program Files/Git/mingw64/libexec/git-core;C:\Program Files\Git\mingw64\bin;C:\Program Files\Git\usr\bin;C:\Users\woori\bin;C:/Users/woori/AppData/Roaming/JetBrains/IntelliJIdea2023.2/node/node-v18.15.0-win-x64;C:\windows\system32;C:\windows;C:\windows\System32\Wbem;C:\windows\System32\WindowsPowerShell\v1.0\;C:\windows\System32\OpenSSH\;C:\ProgramData\scEscpp\;C:\ProgramData\scEscpp\;C:\ProgramData\scEscpp\;C:\ProgramData\scEscpp\;C:\Program Files\nodejs\;C:\Program Files\Git\cmd;C:\Users\woori\AppData\Local\Microsoft\WindowsApps;C:\Users\woori\AppData\Roaming\npm
USERNAME=woori
DISPLAY=:0.0
LC_ALL=en_US.UTF-8
TERM=xterm-256color
TMPDIR=C:\Users\woori\AppData\Local\Temp
OS=Windows_NT
PROCESSOR_IDENTIFIER=Intel64 Family 6 Model 94 Stepping 3, GenuineIntel
TMP=C:\Users\woori\AppData\Local\Temp
TEMP=C:\Users\woori\AppData\Local\Temp



Periodic native trim disabled

JNI global refs:
JNI global refs: 18, weak refs: 0

JNI global refs memory usage: 843, weak refs: 209

OOME stack traces (most recent first):
Classloader memory used:
Loader bootstrap                                                                       : 1420K
Loader jdk.internal.loader.ClassLoaders$PlatformClassLoader                            : 44058B
Loader jdk.internal.loader.ClassLoaders$AppClassLoader                                 : 1808B


---------------  S Y S T E M  ---------------

OS:
 Windows 10 , 64 bit Build 19041 (10.0.19041.4842)
OS uptime: 13 days 11:59 hours

CPU: total 4 (initial active 4) (4 cores per cpu, 1 threads per core) family 6 model 94 stepping 3 microcode 0xcc, cx8, cmov, fxsr, mmx, 3dnowpref, sse, sse2, sse3, ssse3, sse4.1, sse4.2, popcnt, lzcnt, tsc, tscinvbit, avx, avx2, aes, erms, clmul, bmi1, bmi2, rtm, adx, fma, vzeroupper, clflush, clflushopt
Processor Information for all 4 processors :
  Max Mhz: 3192, Current Mhz: 3192, Mhz Limit: 3192

Memory: 4k page, system-wide physical 8107M (648M free)
TotalPageFile size 18731M (AvailPageFile size 2M)
current process WorkingSet (physical memory assigned to process): 53M, peak: 53M
current process commit charge ("private bytes"): 206M, peak: 207M

vm_info: OpenJDK 64-Bit Server VM (17.0.10+7-b1000.50) for windows-amd64 JRE (17.0.10+7-b1000.50), built on 2024-03-18 by "builduser" with MS VC++ 16.10 / 16.11 (VS2019)

END.
