#
# There is insufficient memory for the Java Runtime Environment to continue.
# Native memory allocation (malloc) failed to allocate 132896 bytes for Chunk::new
# Possible reasons:
#   The system is out of physical RAM or swap space
#   The process is running with CompressedOops enabled, and the Java Heap may be blocking the growth of the native heap
# Possible solutions:
#   Reduce memory load on the system
#   Increase physical memory or swap space
#   Check if swap backing store is full
#   Decrease Java heap size (-Xmx/-Xms)
#   Decrease number of Java threads
#   Decrease Java thread stack sizes (-Xss)
#   Set larger code cache with -XX:ReservedCodeCacheSize=
#   JVM is running with Unscaled Compressed Oops mode in which the Java heap is
#     placed in the first 4GB address space. The Java Heap base address is the
#     maximum limit for the native heap growth. Please use -XX:HeapBaseMinAddress
#     to set the Java Heap base and to place the Java Heap above 4GB virtual address.
# This output file may be truncated or incomplete.
#
#  Out of Memory Error (arena.cpp:191), pid=19344, tid=13872
#
# JRE version: OpenJDK Runtime Environment JBR-17.0.10+7-1000.50-jcef (17.0.10+7) (build 17.0.10+7-b1000.50)
# Java VM: OpenJDK 64-Bit Server VM JBR-17.0.10+7-1000.50-jcef (17.0.10+7-b1000.50, mixed mode, tiered, compressed oops, compressed class ptrs, g1 gc, windows-amd64)
# No core dump will be written. Minidumps are not enabled by default on client versions of Windows
#

---------------  S U M M A R Y ------------

Command Line: git4idea.http.GitAskPassApp Username for 'https://github.com': 

Host: Intel(R) Core(TM) i5-6500 CPU @ 3.20GHz, 4 cores, 7G,  Windows 10 , 64 bit Build 19041 (10.0.19041.4842)
Time: Mon Oct  7 08:42:13 2024  Windows 10 , 64 bit Build 19041 (10.0.19041.4842) elapsed time: 0.493468 seconds (0d 0h 0m 0s)

---------------  T H R E A D  ---------------

Current thread (0x00000200c09b39f0):  JavaThread "C2 CompilerThread0" daemon [_thread_in_native, id=13872, stack(0x0000003ae5500000,0x0000003ae5600000)]


Current CompileTask:
C2:    493  687       4       java.lang.StringLatin1::replace (198 bytes)

Stack: [0x0000003ae5500000,0x0000003ae5600000]
Native frames: (J=compiled Java code, j=interpreted, Vv=VM code, C=native code)
V  [jvm.dll+0x688a29]
V  [jvm.dll+0x84216a]
V  [jvm.dll+0x843dae]
V  [jvm.dll+0x844413]
V  [jvm.dll+0x24ba8f]
V  [jvm.dll+0xac524]
V  [jvm.dll+0xacb6c]
V  [jvm.dll+0x2b308f]
V  [jvm.dll+0x58ff37]
V  [jvm.dll+0x226102]
V  [jvm.dll+0x2264ef]
V  [jvm.dll+0x21f616]
V  [jvm.dll+0x21ca61]
V  [jvm.dll+0x1a603d]
V  [jvm.dll+0x22ca18]
V  [jvm.dll+0x22ab50]
V  [jvm.dll+0x7f65e7]
V  [jvm.dll+0x7f09ea]
V  [jvm.dll+0x6878a5]
C  [ucrtbase.dll+0x21bb2]
C  [KERNEL32.DLL+0x17374]
C  [ntdll.dll+0x4cc91]


---------------  P R O C E S S  ---------------

Threads class SMR info:
_java_thread_list=0x00000200c532e780, length=16, elements={
0x00000200a4ebcde0, 0x00000200c084f860, 0x00000200c0980080, 0x00000200c0986350,
0x00000200c09d8000, 0x00000200c09d8d50, 0x00000200c09b2970, 0x00000200c09b39f0,
0x00000200c09b4780, 0x00000200c09f5ee0, 0x00000200c0b60890, 0x00000200c0b70aa0,
0x00000200c5263b60, 0x00000200c52699c0, 0x00000200c52d4a10, 0x00000200c532e870
}

Java Threads: ( => current thread )
  0x00000200a4ebcde0 JavaThread "main" [_thread_blocked, id=14632, stack(0x0000003ae4800000,0x0000003ae4900000)]
  0x00000200c084f860 JavaThread "Reference Handler" daemon [_thread_blocked, id=11716, stack(0x0000003ae4f00000,0x0000003ae5000000)]
  0x00000200c0980080 JavaThread "Finalizer" daemon [_thread_blocked, id=19884, stack(0x0000003ae5000000,0x0000003ae5100000)]
  0x00000200c0986350 JavaThread "Signal Dispatcher" daemon [_thread_blocked, id=8352, stack(0x0000003ae5100000,0x0000003ae5200000)]
  0x00000200c09d8000 JavaThread "Attach Listener" daemon [_thread_blocked, id=13120, stack(0x0000003ae5200000,0x0000003ae5300000)]
  0x00000200c09d8d50 JavaThread "Service Thread" daemon [_thread_blocked, id=11932, stack(0x0000003ae5300000,0x0000003ae5400000)]
  0x00000200c09b2970 JavaThread "Monitor Deflation Thread" daemon [_thread_blocked, id=9268, stack(0x0000003ae5400000,0x0000003ae5500000)]
=>0x00000200c09b39f0 JavaThread "C2 CompilerThread0" daemon [_thread_in_native, id=13872, stack(0x0000003ae5500000,0x0000003ae5600000)]
  0x00000200c09b4780 JavaThread "C1 CompilerThread0" daemon [_thread_in_native, id=20252, stack(0x0000003ae5600000,0x0000003ae5700000)]
  0x00000200c09f5ee0 JavaThread "Sweeper thread" daemon [_thread_blocked, id=19804, stack(0x0000003ae5700000,0x0000003ae5800000)]
  0x00000200c0b60890 JavaThread "Notification Thread" daemon [_thread_blocked, id=10040, stack(0x0000003ae5800000,0x0000003ae5900000)]
  0x00000200c0b70aa0 JavaThread "Common-Cleaner" daemon [_thread_blocked, id=16856, stack(0x0000003ae5a00000,0x0000003ae5b00000)]
  0x00000200c5263b60 JavaThread "HttpClient-1-SelectorManager" daemon [_thread_in_native, id=13500, stack(0x0000003ae5b00000,0x0000003ae5c00000)]
  0x00000200c52699c0 JavaThread "HttpClient-1-Worker-0" daemon [_thread_in_vm, id=12808, stack(0x0000003ae5d00000,0x0000003ae5e00000)]
  0x00000200c52d4a10 JavaThread "HttpClient-1-Worker-1" daemon [_thread_blocked, id=20056, stack(0x0000003ae5e00000,0x0000003ae5f00000)]
  0x00000200c532e870 JavaThread "C2 CompilerThread1" daemon [_thread_in_native, id=2564, stack(0x0000003ae5f00000,0x0000003ae6000000)]

Other Threads:
  0x00000200c07eaae0 VMThread "VM Thread" [stack: 0x0000003ae4e00000,0x0000003ae4f00000] [id=14256]
  0x00000200c0aa4bb0 WatcherThread [stack: 0x0000003ae5900000,0x0000003ae5a00000] [id=15928]
  0x00000200a70bbd30 GCTaskThread "GC Thread#0" [stack: 0x0000003ae4900000,0x0000003ae4a00000] [id=2804]
  0x00000200a70cd910 ConcurrentGCThread "G1 Main Marker" [stack: 0x0000003ae4a00000,0x0000003ae4b00000] [id=9740]
  0x00000200a70cee50 ConcurrentGCThread "G1 Conc#0" [stack: 0x0000003ae4b00000,0x0000003ae4c00000] [id=5144]
  0x00000200a710d940 ConcurrentGCThread "G1 Refine#0" [stack: 0x0000003ae4c00000,0x0000003ae4d00000] [id=10744]
  0x00000200a710e270 ConcurrentGCThread "G1 Service" [stack: 0x0000003ae4d00000,0x0000003ae4e00000] [id=10000]

Threads with active compile tasks:
C2 CompilerThread0      586  687       4       java.lang.StringLatin1::replace (198 bytes)
C1 CompilerThread0      586  916       3       sun.security.ec.ECOperations::setDouble (559 bytes)
C2 CompilerThread1      586  886   !   4       java.util.concurrent.ConcurrentHashMap::putVal (432 bytes)

VM state: not at safepoint (normal execution)

VM Mutex/Monitor currently owned by a thread:  ([mutex/lock_event])
[0x00000200a7061260] Metaspace_lock - owner thread: 0x00000200c52699c0

Heap address: 0x0000000081400000, size: 2028 MB, Compressed Oops mode: 32-bit

CDS archive(s) not mapped
Compressed class space mapped at: 0x0000000100000000-0x0000000140000000, reserved size: 1073741824
Narrow klass base: 0x0000000000000000, Narrow klass shift: 3, Narrow klass range: 0x140000000

GC Precious Log:
 CPUs: 4 total, 4 available
 Memory: 8107M
 Large Page Support: Disabled
 NUMA Support: Disabled
 Compressed Oops: Enabled (32-bit)
 Heap Region Size: 1M
 Heap Min Capacity: 8M
 Heap Initial Capacity: 128M
 Heap Max Capacity: 2028M
 Pre-touch: Disabled
 Parallel Workers: 4
 Concurrent Workers: 1
 Concurrent Refinement Workers: 4
 Periodic GC: Disabled

Heap:
 garbage-first heap   total 131072K, used 11264K [0x0000000081400000, 0x0000000100000000)
  region size 1024K, 12 young (12288K), 0 survivors (0K)
 Metaspace       used 15208K, committed 15424K, reserved 1114112K
  class space    used 1585K, committed 1728K, reserved 1048576K

Heap Regions: E=young(eden), S=young(survivor), O=old, HS=humongous(starts), HC=humongous(continues), CS=collection set, F=free, OA=open archive, CA=closed archive, TAMS=top-at-mark-start (previous, next)
|   0|0x0000000081400000, 0x0000000081400000, 0x0000000081500000|  0%| F|  |TAMS 0x0000000081400000, 0x0000000081400000| Untracked 
|   1|0x0000000081500000, 0x0000000081500000, 0x0000000081600000|  0%| F|  |TAMS 0x0000000081500000, 0x0000000081500000| Untracked 
|   2|0x0000000081600000, 0x0000000081600000, 0x0000000081700000|  0%| F|  |TAMS 0x0000000081600000, 0x0000000081600000| Untracked 
|   3|0x0000000081700000, 0x0000000081700000, 0x0000000081800000|  0%| F|  |TAMS 0x0000000081700000, 0x0000000081700000| Untracked 
|   4|0x0000000081800000, 0x0000000081800000, 0x0000000081900000|  0%| F|  |TAMS 0x0000000081800000, 0x0000000081800000| Untracked 
|   5|0x0000000081900000, 0x0000000081900000, 0x0000000081a00000|  0%| F|  |TAMS 0x0000000081900000, 0x0000000081900000| Untracked 
|   6|0x0000000081a00000, 0x0000000081a00000, 0x0000000081b00000|  0%| F|  |TAMS 0x0000000081a00000, 0x0000000081a00000| Untracked 
|   7|0x0000000081b00000, 0x0000000081b00000, 0x0000000081c00000|  0%| F|  |TAMS 0x0000000081b00000, 0x0000000081b00000| Untracked 
|   8|0x0000000081c00000, 0x0000000081c00000, 0x0000000081d00000|  0%| F|  |TAMS 0x0000000081c00000, 0x0000000081c00000| Untracked 
|   9|0x0000000081d00000, 0x0000000081d00000, 0x0000000081e00000|  0%| F|  |TAMS 0x0000000081d00000, 0x0000000081d00000| Untracked 
|  10|0x0000000081e00000, 0x0000000081e00000, 0x0000000081f00000|  0%| F|  |TAMS 0x0000000081e00000, 0x0000000081e00000| Untracked 
|  11|0x0000000081f00000, 0x0000000081f00000, 0x0000000082000000|  0%| F|  |TAMS 0x0000000081f00000, 0x0000000081f00000| Untracked 
|  12|0x0000000082000000, 0x0000000082000000, 0x0000000082100000|  0%| F|  |TAMS 0x0000000082000000, 0x0000000082000000| Untracked 
|  13|0x0000000082100000, 0x0000000082100000, 0x0000000082200000|  0%| F|  |TAMS 0x0000000082100000, 0x0000000082100000| Untracked 
|  14|0x0000000082200000, 0x0000000082200000, 0x0000000082300000|  0%| F|  |TAMS 0x0000000082200000, 0x0000000082200000| Untracked 
|  15|0x0000000082300000, 0x0000000082300000, 0x0000000082400000|  0%| F|  |TAMS 0x0000000082300000, 0x0000000082300000| Untracked 
|  16|0x0000000082400000, 0x0000000082400000, 0x0000000082500000|  0%| F|  |TAMS 0x0000000082400000, 0x0000000082400000| Untracked 
|  17|0x0000000082500000, 0x0000000082500000, 0x0000000082600000|  0%| F|  |TAMS 0x0000000082500000, 0x0000000082500000| Untracked 
|  18|0x0000000082600000, 0x0000000082600000, 0x0000000082700000|  0%| F|  |TAMS 0x0000000082600000, 0x0000000082600000| Untracked 
|  19|0x0000000082700000, 0x0000000082700000, 0x0000000082800000|  0%| F|  |TAMS 0x0000000082700000, 0x0000000082700000| Untracked 
|  20|0x0000000082800000, 0x0000000082800000, 0x0000000082900000|  0%| F|  |TAMS 0x0000000082800000, 0x0000000082800000| Untracked 
|  21|0x0000000082900000, 0x0000000082900000, 0x0000000082a00000|  0%| F|  |TAMS 0x0000000082900000, 0x0000000082900000| Untracked 
|  22|0x0000000082a00000, 0x0000000082a00000, 0x0000000082b00000|  0%| F|  |TAMS 0x0000000082a00000, 0x0000000082a00000| Untracked 
|  23|0x0000000082b00000, 0x0000000082b00000, 0x0000000082c00000|  0%| F|  |TAMS 0x0000000082b00000, 0x0000000082b00000| Untracked 
|  24|0x0000000082c00000, 0x0000000082c00000, 0x0000000082d00000|  0%| F|  |TAMS 0x0000000082c00000, 0x0000000082c00000| Untracked 
|  25|0x0000000082d00000, 0x0000000082d00000, 0x0000000082e00000|  0%| F|  |TAMS 0x0000000082d00000, 0x0000000082d00000| Untracked 
|  26|0x0000000082e00000, 0x0000000082e00000, 0x0000000082f00000|  0%| F|  |TAMS 0x0000000082e00000, 0x0000000082e00000| Untracked 
|  27|0x0000000082f00000, 0x0000000082f00000, 0x0000000083000000|  0%| F|  |TAMS 0x0000000082f00000, 0x0000000082f00000| Untracked 
|  28|0x0000000083000000, 0x0000000083000000, 0x0000000083100000|  0%| F|  |TAMS 0x0000000083000000, 0x0000000083000000| Untracked 
|  29|0x0000000083100000, 0x0000000083100000, 0x0000000083200000|  0%| F|  |TAMS 0x0000000083100000, 0x0000000083100000| Untracked 
|  30|0x0000000083200000, 0x0000000083200000, 0x0000000083300000|  0%| F|  |TAMS 0x0000000083200000, 0x0000000083200000| Untracked 
|  31|0x0000000083300000, 0x0000000083300000, 0x0000000083400000|  0%| F|  |TAMS 0x0000000083300000, 0x0000000083300000| Untracked 
|  32|0x0000000083400000, 0x0000000083400000, 0x0000000083500000|  0%| F|  |TAMS 0x0000000083400000, 0x0000000083400000| Untracked 
|  33|0x0000000083500000, 0x0000000083500000, 0x0000000083600000|  0%| F|  |TAMS 0x0000000083500000, 0x0000000083500000| Untracked 
|  34|0x0000000083600000, 0x0000000083600000, 0x0000000083700000|  0%| F|  |TAMS 0x0000000083600000, 0x0000000083600000| Untracked 
|  35|0x0000000083700000, 0x0000000083700000, 0x0000000083800000|  0%| F|  |TAMS 0x0000000083700000, 0x0000000083700000| Untracked 
|  36|0x0000000083800000, 0x0000000083800000, 0x0000000083900000|  0%| F|  |TAMS 0x0000000083800000, 0x0000000083800000| Untracked 
|  37|0x0000000083900000, 0x0000000083900000, 0x0000000083a00000|  0%| F|  |TAMS 0x0000000083900000, 0x0000000083900000| Untracked 
|  38|0x0000000083a00000, 0x0000000083a00000, 0x0000000083b00000|  0%| F|  |TAMS 0x0000000083a00000, 0x0000000083a00000| Untracked 
|  39|0x0000000083b00000, 0x0000000083b00000, 0x0000000083c00000|  0%| F|  |TAMS 0x0000000083b00000, 0x0000000083b00000| Untracked 
|  40|0x0000000083c00000, 0x0000000083c00000, 0x0000000083d00000|  0%| F|  |TAMS 0x0000000083c00000, 0x0000000083c00000| Untracked 
|  41|0x0000000083d00000, 0x0000000083d00000, 0x0000000083e00000|  0%| F|  |TAMS 0x0000000083d00000, 0x0000000083d00000| Untracked 
|  42|0x0000000083e00000, 0x0000000083e00000, 0x0000000083f00000|  0%| F|  |TAMS 0x0000000083e00000, 0x0000000083e00000| Untracked 
|  43|0x0000000083f00000, 0x0000000083f00000, 0x0000000084000000|  0%| F|  |TAMS 0x0000000083f00000, 0x0000000083f00000| Untracked 
|  44|0x0000000084000000, 0x0000000084000000, 0x0000000084100000|  0%| F|  |TAMS 0x0000000084000000, 0x0000000084000000| Untracked 
|  45|0x0000000084100000, 0x0000000084100000, 0x0000000084200000|  0%| F|  |TAMS 0x0000000084100000, 0x0000000084100000| Untracked 
|  46|0x0000000084200000, 0x0000000084200000, 0x0000000084300000|  0%| F|  |TAMS 0x0000000084200000, 0x0000000084200000| Untracked 
|  47|0x0000000084300000, 0x0000000084300000, 0x0000000084400000|  0%| F|  |TAMS 0x0000000084300000, 0x0000000084300000| Untracked 
|  48|0x0000000084400000, 0x0000000084400000, 0x0000000084500000|  0%| F|  |TAMS 0x0000000084400000, 0x0000000084400000| Untracked 
|  49|0x0000000084500000, 0x0000000084500000, 0x0000000084600000|  0%| F|  |TAMS 0x0000000084500000, 0x0000000084500000| Untracked 
|  50|0x0000000084600000, 0x0000000084600000, 0x0000000084700000|  0%| F|  |TAMS 0x0000000084600000, 0x0000000084600000| Untracked 
|  51|0x0000000084700000, 0x0000000084700000, 0x0000000084800000|  0%| F|  |TAMS 0x0000000084700000, 0x0000000084700000| Untracked 
|  52|0x0000000084800000, 0x0000000084800000, 0x0000000084900000|  0%| F|  |TAMS 0x0000000084800000, 0x0000000084800000| Untracked 
|  53|0x0000000084900000, 0x0000000084900000, 0x0000000084a00000|  0%| F|  |TAMS 0x0000000084900000, 0x0000000084900000| Untracked 
|  54|0x0000000084a00000, 0x0000000084a00000, 0x0000000084b00000|  0%| F|  |TAMS 0x0000000084a00000, 0x0000000084a00000| Untracked 
|  55|0x0000000084b00000, 0x0000000084b00000, 0x0000000084c00000|  0%| F|  |TAMS 0x0000000084b00000, 0x0000000084b00000| Untracked 
|  56|0x0000000084c00000, 0x0000000084c00000, 0x0000000084d00000|  0%| F|  |TAMS 0x0000000084c00000, 0x0000000084c00000| Untracked 
|  57|0x0000000084d00000, 0x0000000084d00000, 0x0000000084e00000|  0%| F|  |TAMS 0x0000000084d00000, 0x0000000084d00000| Untracked 
|  58|0x0000000084e00000, 0x0000000084e00000, 0x0000000084f00000|  0%| F|  |TAMS 0x0000000084e00000, 0x0000000084e00000| Untracked 
|  59|0x0000000084f00000, 0x0000000084f00000, 0x0000000085000000|  0%| F|  |TAMS 0x0000000084f00000, 0x0000000084f00000| Untracked 
|  60|0x0000000085000000, 0x0000000085000000, 0x0000000085100000|  0%| F|  |TAMS 0x0000000085000000, 0x0000000085000000| Untracked 
|  61|0x0000000085100000, 0x0000000085100000, 0x0000000085200000|  0%| F|  |TAMS 0x0000000085100000, 0x0000000085100000| Untracked 
|  62|0x0000000085200000, 0x0000000085200000, 0x0000000085300000|  0%| F|  |TAMS 0x0000000085200000, 0x0000000085200000| Untracked 
|  63|0x0000000085300000, 0x0000000085300000, 0x0000000085400000|  0%| F|  |TAMS 0x0000000085300000, 0x0000000085300000| Untracked 
|  64|0x0000000085400000, 0x0000000085400000, 0x0000000085500000|  0%| F|  |TAMS 0x0000000085400000, 0x0000000085400000| Untracked 
|  65|0x0000000085500000, 0x0000000085500000, 0x0000000085600000|  0%| F|  |TAMS 0x0000000085500000, 0x0000000085500000| Untracked 
|  66|0x0000000085600000, 0x0000000085600000, 0x0000000085700000|  0%| F|  |TAMS 0x0000000085600000, 0x0000000085600000| Untracked 
|  67|0x0000000085700000, 0x0000000085700000, 0x0000000085800000|  0%| F|  |TAMS 0x0000000085700000, 0x0000000085700000| Untracked 
|  68|0x0000000085800000, 0x0000000085800000, 0x0000000085900000|  0%| F|  |TAMS 0x0000000085800000, 0x0000000085800000| Untracked 
|  69|0x0000000085900000, 0x0000000085900000, 0x0000000085a00000|  0%| F|  |TAMS 0x0000000085900000, 0x0000000085900000| Untracked 
|  70|0x0000000085a00000, 0x0000000085a00000, 0x0000000085b00000|  0%| F|  |TAMS 0x0000000085a00000, 0x0000000085a00000| Untracked 
|  71|0x0000000085b00000, 0x0000000085b00000, 0x0000000085c00000|  0%| F|  |TAMS 0x0000000085b00000, 0x0000000085b00000| Untracked 
|  72|0x0000000085c00000, 0x0000000085c00000, 0x0000000085d00000|  0%| F|  |TAMS 0x0000000085c00000, 0x0000000085c00000| Untracked 
|  73|0x0000000085d00000, 0x0000000085d00000, 0x0000000085e00000|  0%| F|  |TAMS 0x0000000085d00000, 0x0000000085d00000| Untracked 
|  74|0x0000000085e00000, 0x0000000085e00000, 0x0000000085f00000|  0%| F|  |TAMS 0x0000000085e00000, 0x0000000085e00000| Untracked 
|  75|0x0000000085f00000, 0x0000000085f00000, 0x0000000086000000|  0%| F|  |TAMS 0x0000000085f00000, 0x0000000085f00000| Untracked 
|  76|0x0000000086000000, 0x0000000086000000, 0x0000000086100000|  0%| F|  |TAMS 0x0000000086000000, 0x0000000086000000| Untracked 
|  77|0x0000000086100000, 0x0000000086100000, 0x0000000086200000|  0%| F|  |TAMS 0x0000000086100000, 0x0000000086100000| Untracked 
|  78|0x0000000086200000, 0x0000000086200000, 0x0000000086300000|  0%| F|  |TAMS 0x0000000086200000, 0x0000000086200000| Untracked 
|  79|0x0000000086300000, 0x0000000086300000, 0x0000000086400000|  0%| F|  |TAMS 0x0000000086300000, 0x0000000086300000| Untracked 
|  80|0x0000000086400000, 0x0000000086400000, 0x0000000086500000|  0%| F|  |TAMS 0x0000000086400000, 0x0000000086400000| Untracked 
|  81|0x0000000086500000, 0x0000000086500000, 0x0000000086600000|  0%| F|  |TAMS 0x0000000086500000, 0x0000000086500000| Untracked 
|  82|0x0000000086600000, 0x0000000086600000, 0x0000000086700000|  0%| F|  |TAMS 0x0000000086600000, 0x0000000086600000| Untracked 
|  83|0x0000000086700000, 0x0000000086700000, 0x0000000086800000|  0%| F|  |TAMS 0x0000000086700000, 0x0000000086700000| Untracked 
|  84|0x0000000086800000, 0x0000000086800000, 0x0000000086900000|  0%| F|  |TAMS 0x0000000086800000, 0x0000000086800000| Untracked 
|  85|0x0000000086900000, 0x0000000086900000, 0x0000000086a00000|  0%| F|  |TAMS 0x0000000086900000, 0x0000000086900000| Untracked 
|  86|0x0000000086a00000, 0x0000000086a00000, 0x0000000086b00000|  0%| F|  |TAMS 0x0000000086a00000, 0x0000000086a00000| Untracked 
|  87|0x0000000086b00000, 0x0000000086b00000, 0x0000000086c00000|  0%| F|  |TAMS 0x0000000086b00000, 0x0000000086b00000| Untracked 
|  88|0x0000000086c00000, 0x0000000086c00000, 0x0000000086d00000|  0%| F|  |TAMS 0x0000000086c00000, 0x0000000086c00000| Untracked 
|  89|0x0000000086d00000, 0x0000000086d00000, 0x0000000086e00000|  0%| F|  |TAMS 0x0000000086d00000, 0x0000000086d00000| Untracked 
|  90|0x0000000086e00000, 0x0000000086e00000, 0x0000000086f00000|  0%| F|  |TAMS 0x0000000086e00000, 0x0000000086e00000| Untracked 
|  91|0x0000000086f00000, 0x0000000086f00000, 0x0000000087000000|  0%| F|  |TAMS 0x0000000086f00000, 0x0000000086f00000| Untracked 
|  92|0x0000000087000000, 0x0000000087000000, 0x0000000087100000|  0%| F|  |TAMS 0x0000000087000000, 0x0000000087000000| Untracked 
|  93|0x0000000087100000, 0x0000000087100000, 0x0000000087200000|  0%| F|  |TAMS 0x0000000087100000, 0x0000000087100000| Untracked 
|  94|0x0000000087200000, 0x0000000087200000, 0x0000000087300000|  0%| F|  |TAMS 0x0000000087200000, 0x0000000087200000| Untracked 
|  95|0x0000000087300000, 0x0000000087300000, 0x0000000087400000|  0%| F|  |TAMS 0x0000000087300000, 0x0000000087300000| Untracked 
|  96|0x0000000087400000, 0x0000000087400000, 0x0000000087500000|  0%| F|  |TAMS 0x0000000087400000, 0x0000000087400000| Untracked 
|  97|0x0000000087500000, 0x0000000087500000, 0x0000000087600000|  0%| F|  |TAMS 0x0000000087500000, 0x0000000087500000| Untracked 
|  98|0x0000000087600000, 0x0000000087600000, 0x0000000087700000|  0%| F|  |TAMS 0x0000000087600000, 0x0000000087600000| Untracked 
|  99|0x0000000087700000, 0x0000000087700000, 0x0000000087800000|  0%| F|  |TAMS 0x0000000087700000, 0x0000000087700000| Untracked 
| 100|0x0000000087800000, 0x0000000087800000, 0x0000000087900000|  0%| F|  |TAMS 0x0000000087800000, 0x0000000087800000| Untracked 
| 101|0x0000000087900000, 0x0000000087900000, 0x0000000087a00000|  0%| F|  |TAMS 0x0000000087900000, 0x0000000087900000| Untracked 
| 102|0x0000000087a00000, 0x0000000087a00000, 0x0000000087b00000|  0%| F|  |TAMS 0x0000000087a00000, 0x0000000087a00000| Untracked 
| 103|0x0000000087b00000, 0x0000000087b00000, 0x0000000087c00000|  0%| F|  |TAMS 0x0000000087b00000, 0x0000000087b00000| Untracked 
| 104|0x0000000087c00000, 0x0000000087c00000, 0x0000000087d00000|  0%| F|  |TAMS 0x0000000087c00000, 0x0000000087c00000| Untracked 
| 105|0x0000000087d00000, 0x0000000087d00000, 0x0000000087e00000|  0%| F|  |TAMS 0x0000000087d00000, 0x0000000087d00000| Untracked 
| 106|0x0000000087e00000, 0x0000000087e00000, 0x0000000087f00000|  0%| F|  |TAMS 0x0000000087e00000, 0x0000000087e00000| Untracked 
| 107|0x0000000087f00000, 0x0000000087f00000, 0x0000000088000000|  0%| F|  |TAMS 0x0000000087f00000, 0x0000000087f00000| Untracked 
| 108|0x0000000088000000, 0x0000000088000000, 0x0000000088100000|  0%| F|  |TAMS 0x0000000088000000, 0x0000000088000000| Untracked 
| 109|0x0000000088100000, 0x0000000088100000, 0x0000000088200000|  0%| F|  |TAMS 0x0000000088100000, 0x0000000088100000| Untracked 
| 110|0x0000000088200000, 0x0000000088200000, 0x0000000088300000|  0%| F|  |TAMS 0x0000000088200000, 0x0000000088200000| Untracked 
| 111|0x0000000088300000, 0x0000000088300000, 0x0000000088400000|  0%| F|  |TAMS 0x0000000088300000, 0x0000000088300000| Untracked 
| 112|0x0000000088400000, 0x0000000088400000, 0x0000000088500000|  0%| F|  |TAMS 0x0000000088400000, 0x0000000088400000| Untracked 
| 113|0x0000000088500000, 0x0000000088500000, 0x0000000088600000|  0%| F|  |TAMS 0x0000000088500000, 0x0000000088500000| Untracked 
| 114|0x0000000088600000, 0x0000000088600000, 0x0000000088700000|  0%| F|  |TAMS 0x0000000088600000, 0x0000000088600000| Untracked 
| 115|0x0000000088700000, 0x0000000088700000, 0x0000000088800000|  0%| F|  |TAMS 0x0000000088700000, 0x0000000088700000| Untracked 
| 116|0x0000000088800000, 0x00000000888c8bb0, 0x0000000088900000| 78%| E|  |TAMS 0x0000000088800000, 0x0000000088800000| Complete 
| 117|0x0000000088900000, 0x0000000088a00000, 0x0000000088a00000|100%| E|CS|TAMS 0x0000000088900000, 0x0000000088900000| Complete 
| 118|0x0000000088a00000, 0x0000000088b00000, 0x0000000088b00000|100%| E|CS|TAMS 0x0000000088a00000, 0x0000000088a00000| Complete 
| 119|0x0000000088b00000, 0x0000000088c00000, 0x0000000088c00000|100%| E|CS|TAMS 0x0000000088b00000, 0x0000000088b00000| Complete 
| 120|0x0000000088c00000, 0x0000000088d00000, 0x0000000088d00000|100%| E|CS|TAMS 0x0000000088c00000, 0x0000000088c00000| Complete 
| 121|0x0000000088d00000, 0x0000000088e00000, 0x0000000088e00000|100%| E|CS|TAMS 0x0000000088d00000, 0x0000000088d00000| Complete 
| 122|0x0000000088e00000, 0x0000000088f00000, 0x0000000088f00000|100%| E|CS|TAMS 0x0000000088e00000, 0x0000000088e00000| Complete 
| 123|0x0000000088f00000, 0x0000000089000000, 0x0000000089000000|100%| E|CS|TAMS 0x0000000088f00000, 0x0000000088f00000| Complete 
| 124|0x0000000089000000, 0x0000000089100000, 0x0000000089100000|100%| E|CS|TAMS 0x0000000089000000, 0x0000000089000000| Complete 
| 125|0x0000000089100000, 0x0000000089200000, 0x0000000089200000|100%| E|CS|TAMS 0x0000000089100000, 0x0000000089100000| Complete 
| 126|0x0000000089200000, 0x0000000089300000, 0x0000000089300000|100%| E|CS|TAMS 0x0000000089200000, 0x0000000089200000| Complete 
| 127|0x0000000089300000, 0x0000000089400000, 0x0000000089400000|100%| E|CS|TAMS 0x0000000089300000, 0x0000000089300000| Complete 

Card table byte_map: [0x00000200b9bd0000,0x00000200b9fd0000] _byte_map_base: 0x00000200b97c6000

Marking Bits (Prev, Next): (CMBitMap*) 0x00000200a70bc250, (CMBitMap*) 0x00000200a70bc290
 Prev Bits: [0x00000200ba3d0000, 0x00000200bc380000)
 Next Bits: [0x00000200bc380000, 0x00000200be330000)

Polling page: 0x00000200a5000000

Metaspace:

Usage:
  Non-class:     13.30 MB used.
      Class:      1.55 MB used.
       Both:     14.85 MB used.

Virtual space:
  Non-class space:       64.00 MB reserved,      13.38 MB ( 21%) committed,  1 nodes.
      Class space:        1.00 GB reserved,       1.69 MB ( <1%) committed,  1 nodes.
             Both:        1.06 GB reserved,      15.06 MB (  1%) committed. 

Chunk freelists:
   Non-Class:  2.55 MB
       Class:  14.23 MB
        Both:  16.78 MB

MaxMetaspaceSize: unlimited
CompressedClassSpaceSize: 1.00 GB
Initial GC threshold: 21.00 MB
Current GC threshold: 21.00 MB
CDS: off
MetaspaceReclaimPolicy: balanced
 - commit_granule_bytes: 65536.
 - commit_granule_words: 8192.
 - virtual_space_node_default_size: 8388608.
 - enlarge_chunks_in_place: 1.
 - new_chunks_are_fully_committed: 0.
 - uncommit_free_chunks: 1.
 - use_allocation_guard: 0.
 - handle_deallocations: 1.


Internal statistics:

num_allocs_failed_limit: 0.
num_arena_births: 120.
num_arena_deaths: 0.
num_vsnodes_births: 2.
num_vsnodes_deaths: 0.
num_space_committed: 241.
num_space_uncommitted: 0.
num_chunks_returned_to_freelist: 0.
num_chunks_taken_from_freelist: 250.
num_chunk_merges: 0.
num_chunk_splits: 147.
num_chunks_enlarged: 85.
num_inconsistent_stats: 0.

CodeHeap 'non-profiled nmethods': size=120000Kb used=247Kb max_used=247Kb free=119752Kb
 bounds [0x00000200b22a0000, 0x00000200b2510000, 0x00000200b97d0000]
CodeHeap 'profiled nmethods': size=120000Kb used=1427Kb max_used=1427Kb free=118572Kb
 bounds [0x00000200aa7d0000, 0x00000200aaa40000, 0x00000200b1d00000]
CodeHeap 'non-nmethods': size=5760Kb used=1186Kb max_used=1193Kb free=4573Kb
 bounds [0x00000200b1d00000, 0x00000200b1f70000, 0x00000200b22a0000]
 total_blobs=1390 nmethods=908 adapters=395
 compilation: enabled
              stopped_count=0, restarted_count=0
 full_count=0

Compilation events (20 events):
Event: 0.483 Thread 0x00000200c09b4780 nmethod 690 0x00000200b22d1d10 code [0x00000200b22d1ea0, 0x00000200b22d1f78]
Event: 0.483 Thread 0x00000200c09b4780  691       1       java.nio.DirectByteBufferR::base (2 bytes)
Event: 0.483 Thread 0x00000200c09b4780 nmethod 691 0x00000200b22d2010 code [0x00000200b22d21a0, 0x00000200b22d2278]
Event: 0.483 Thread 0x00000200c09b4780  692       1       java.util.AbstractMap$SimpleEntry::getValue (5 bytes)
Event: 0.483 Thread 0x00000200c09b4780 nmethod 692 0x00000200b22d2310 code [0x00000200b22d24a0, 0x00000200b22d2578]
Event: 0.483 Thread 0x00000200c09b4780  693       1       jdk.internal.jimage.decompressor.CompressedResourceHeader::getUncompressedSize (5 bytes)
Event: 0.483 Thread 0x00000200c09b4780 nmethod 693 0x00000200b22d2610 code [0x00000200b22d27a0, 0x00000200b22d2878]
Event: 0.483 Thread 0x00000200c09b4780  694       1       java.nio.HeapByteBuffer::isDirect (2 bytes)
Event: 0.483 Thread 0x00000200c09b4780 nmethod 694 0x00000200b22d2910 code [0x00000200b22d2aa0, 0x00000200b22d2b78]
Event: 0.486 Thread 0x00000200c09b4780  696       3       java.lang.invoke.MethodHandles$Lookup::checkSymbolicClass (25 bytes)
Event: 0.486 Thread 0x00000200c09b4780 nmethod 696 0x00000200aa8cec10 code [0x00000200aa8cede0, 0x00000200aa8cf048]
Event: 0.486 Thread 0x00000200c09b4780  698       3       java.lang.invoke.MethodType::insertParameterTypes (121 bytes)
Event: 0.487 Thread 0x00000200c09b4780 nmethod 698 0x00000200aa8cf190 code [0x00000200aa8cf460, 0x00000200aa8d0228]
Event: 0.487 Thread 0x00000200c09b4780  703       3       jdk.internal.org.objectweb.asm.SymbolTable$Entry::<init> (20 bytes)
Event: 0.487 Thread 0x00000200c09b4780 nmethod 703 0x00000200aa8d0790 code [0x00000200aa8d0920, 0x00000200aa8d0a68]
Event: 0.487 Thread 0x00000200c09b4780  702       3       java.util.ImmutableCollections$List12::get (35 bytes)
Event: 0.487 Thread 0x00000200c09b4780 nmethod 702 0x00000200aa8d0b10 code [0x00000200aa8d0cc0, 0x00000200aa8d0f68]
Event: 0.487 Thread 0x00000200c09b4780  701       3       java.lang.ref.SoftReference::<init> (13 bytes)
Event: 0.487 Thread 0x00000200c09b4780 nmethod 701 0x00000200aa8d1010 code [0x00000200aa8d11c0, 0x00000200aa8d14d8]
Event: 0.487 Thread 0x00000200c09b4780  706       3       jdk.internal.org.objectweb.asm.Frame::getAbstractTypeFromDescriptor (415 bytes)

GC Heap History (0 events):
No events

Dll operation events (1 events):
Event: 0.015 Loaded shared library C:\Program Files\JetBrains\IntelliJ IDEA 2023.2.7\jbr\bin\java.dll

Deoptimization events (8 events):
Event: 0.456 Thread 0x00000200a4ebcde0 Uncommon trap: trap_request=0xffffff45 fr.pc=0x00000200b22bee1c relative=0x00000000000003fc
Event: 0.456 Thread 0x00000200a4ebcde0 Uncommon trap: reason=unstable_if action=reinterpret pc=0x00000200b22bee1c method=java.lang.StringLatin1.newString([BII)Ljava/lang/String; @ 1 c2
Event: 0.456 Thread 0x00000200a4ebcde0 DEOPT PACKING pc=0x00000200b22bee1c sp=0x0000003ae48fe560
Event: 0.456 Thread 0x00000200a4ebcde0 DEOPT UNPACKING pc=0x00000200b1d569a3 sp=0x0000003ae48fe528 mode 2
Event: 0.463 Thread 0x00000200a4ebcde0 DEOPT PACKING pc=0x00000200aa7e6ce7 sp=0x0000003ae48fe130
Event: 0.463 Thread 0x00000200a4ebcde0 DEOPT UNPACKING pc=0x00000200b1d57143 sp=0x0000003ae48fd550 mode 0
Event: 0.488 Thread 0x00000200a4ebcde0 DEOPT PACKING pc=0x00000200aa7e58d1 sp=0x0000003ae48fcd00
Event: 0.488 Thread 0x00000200a4ebcde0 DEOPT UNPACKING pc=0x00000200b1d57143 sp=0x0000003ae48fc178 mode 0

Classes unloaded (0 events):
No events

Classes redefined (0 events):
No events

Internal exceptions (17 events):
Event: 0.233 Thread 0x00000200a4ebcde0 Exception <a 'sun/nio/fs/WindowsException'{0x00000000891fa610}> (0x00000000891fa610) 
thrown [s\src\hotspot\share\prims\jni.cpp, line 517]
Event: 0.252 Thread 0x00000200a4ebcde0 Exception <a 'java/lang/NoSuchMethodError'{0x0000000089026110}: 'int java.lang.invoke.DirectMethodHandle$Holder.invokeStaticInit(java.lang.Object, java.lang.Object, java.lang.Object, java.lang.Object)'> (0x0000000089026110) 
thrown [s\src\hotspot\share\interpreter\linkResolver.cpp, line 771]
Event: 0.253 Thread 0x00000200a4ebcde0 Exception <a 'java/lang/NoSuchMethodError'{0x0000000089030db0}: 'java.lang.Object java.lang.invoke.DirectMethodHandle$Holder.invokeInterface(java.lang.Object, java.lang.Object)'> (0x0000000089030db0) 
thrown [s\src\hotspot\share\interpreter\linkResolver.cpp, line 771]
Event: 0.254 Thread 0x00000200a4ebcde0 Exception <a 'java/lang/IncompatibleClassChangeError'{0x00000000890346d0}: Found class java.lang.Object, but interface was expected> (0x00000000890346d0) 
thrown [s\src\hotspot\share\interpreter\linkResolver.cpp, line 838]
Event: 0.254 Thread 0x00000200a4ebcde0 Exception <a 'java/lang/NoSuchMethodError'{0x0000000089037a80}: 'void java.lang.invoke.DirectMethodHandle$Holder.invokeStatic(java.lang.Object, java.lang.Object)'> (0x0000000089037a80) 
thrown [s\src\hotspot\share\interpreter\linkResolver.cpp, line 771]
Event: 0.254 Thread 0x00000200a4ebcde0 Exception <a 'java/lang/NoSuchMethodError'{0x000000008903b398}: 'void java.lang.invoke.DirectMethodHandle$Holder.invokeStaticInit(java.lang.Object, java.lang.Object)'> (0x000000008903b398) 
thrown [s\src\hotspot\share\interpreter\linkResolver.cpp, line 771]
Event: 0.256 Thread 0x00000200a4ebcde0 Exception <a 'java/lang/NoSuchMethodError'{0x0000000089041c10}: 'int java.lang.invoke.DirectMethodHandle$Holder.invokeStaticInit(java.lang.Object, java.lang.Object)'> (0x0000000089041c10) 
thrown [s\src\hotspot\share\interpreter\linkResolver.cpp, line 771]
Event: 0.288 Thread 0x00000200a4ebcde0 Exception <a 'java/lang/NoSuchMethodError'{0x0000000088f6c2f8}: 'java.lang.Object java.lang.invoke.DirectMethodHandle$Holder.invokeStaticInit(java.lang.Object, int, int, int, int)'> (0x0000000088f6c2f8) 
thrown [s\src\hotspot\share\interpreter\linkResolver.cpp, line 771]
Event: 0.358 Thread 0x00000200a4ebcde0 Exception <a 'java/lang/NoSuchMethodError'{0x0000000088fa0548}: 'java.lang.Object java.lang.invoke.DirectMethodHandle$Holder.invokeStaticInit(java.lang.Object, java.lang.Object, int, int, int, int)'> (0x0000000088fa0548) 
thrown [s\src\hotspot\share\interpreter\linkResolver.cpp, line 771]
Event: 0.367 Thread 0x00000200a4ebcde0 Exception <a 'java/lang/NoSuchMethodError'{0x0000000088e09080}: 'java.lang.Object java.lang.invoke.DirectMethodHandle$Holder.invokeStatic(java.lang.Object, java.lang.Object, int)'> (0x0000000088e09080) 
thrown [s\src\hotspot\share\interpreter\linkResolver.cpp, line 771]
Event: 0.367 Thread 0x00000200a4ebcde0 Exception <a 'java/lang/NoSuchMethodError'{0x0000000088e0c7f8}: 'java.lang.Object java.lang.invoke.DirectMethodHandle$Holder.invokeStaticInit(java.lang.Object, java.lang.Object, int)'> (0x0000000088e0c7f8) 
thrown [s\src\hotspot\share\interpreter\linkResolver.cpp, line 771]
Event: 0.368 Thread 0x00000200a4ebcde0 Exception <a 'java/lang/NoSuchMethodError'{0x0000000088e12ba8}: 'java.lang.Object java.lang.invoke.DirectMethodHandle$Holder.newInvokeSpecial(java.lang.Object, java.lang.Object, int)'> (0x0000000088e12ba8) 
thrown [s\src\hotspot\share\interpreter\linkResolver.cpp, line 771]
Event: 0.373 Thread 0x00000200a4ebcde0 Exception <a 'java/lang/NoSuchMethodError'{0x0000000088e222e8}: 'int java.lang.invoke.DirectMethodHandle$Holder.invokeStaticInit(java.lang.Object, java.lang.Object, java.lang.Object)'> (0x0000000088e222e8) 
thrown [s\src\hotspot\share\interpreter\linkResolver.cpp, line 771]
Event: 0.375 Thread 0x00000200a4ebcde0 Exception <a 'java/lang/NoSuchMethodError'{0x0000000088e324c8}: 'int java.lang.invoke.DirectMethodHandle$Holder.invokeSpecial(java.lang.Object, java.lang.Object, java.lang.Object)'> (0x0000000088e324c8) 
thrown [s\src\hotspot\share\interpreter\linkResolver.cpp, line 771]
Event: 0.376 Thread 0x00000200a4ebcde0 Exception <a 'java/lang/NoSuchMethodError'{0x0000000088e3a8a8}: 'int java.lang.invoke.DirectMethodHandle$Holder.invokeSpecialIFC(java.lang.Object, java.lang.Object, java.lang.Object)'> (0x0000000088e3a8a8) 
thrown [s\src\hotspot\share\interpreter\linkResolver.cpp, line 771]
Event: 0.401 Thread 0x00000200a4ebcde0 Exception <a 'java/lang/NoSuchMethodError'{0x0000000088ec7180}: 'java.lang.Object java.lang.invoke.DirectMethodHandle$Holder.invokeStaticInit(java.lang.Object)'> (0x0000000088ec7180) 
thrown [s\src\hotspot\share\interpreter\linkResolver.cpp, line 771]
Event: 0.465 Thread 0x00000200a4ebcde0 Exception <a 'java/lang/NoSuchMethodError'{0x0000000088c4ce30}: 'java.lang.Object java.lang.invoke.DirectMethodHandle$Holder.newInvokeSpecial(java.lang.Object, java.lang.Object, java.lang.Object, java.lang.Object, java.lang.Object)'> (0x0000000088c4ce30) 
thrown [s\src\hotspot\share\interpreter\linkResolver.cpp, line 771]

VM Operations (8 events):
Event: 0.134 Executing VM operation: HandshakeAllThreads
Event: 0.134 Executing VM operation: HandshakeAllThreads done
Event: 0.148 Executing VM operation: HandshakeAllThreads
Event: 0.148 Executing VM operation: HandshakeAllThreads done
Event: 0.315 Executing VM operation: HandshakeAllThreads
Event: 0.315 Executing VM operation: HandshakeAllThreads done
Event: 0.403 Executing VM operation: HandshakeAllThreads
Event: 0.403 Executing VM operation: HandshakeAllThreads done

Events (20 events):
Event: 0.473 loading class java/util/LinkedList$ListItr
Event: 0.473 loading class java/util/LinkedList$ListItr done
Event: 0.473 loading class java/net/URISyntaxException
Event: 0.473 loading class java/net/URISyntaxException done
Event: 0.473 loading class java/util/Base64
Event: 0.473 loading class java/util/Base64 done
Event: 0.473 loading class java/util/Base64$Encoder
Event: 0.473 loading class java/util/Base64$Encoder done
Event: 0.476 loading class java/net/URLPermission
Event: 0.476 loading class java/net/URLPermission done
Event: 0.478 loading class java/util/concurrent/CompletableFuture$UniCompose
Event: 0.478 loading class java/util/concurrent/CompletableFuture$UniCompletion
Event: 0.478 loading class java/util/concurrent/CompletableFuture$UniCompletion done
Event: 0.478 loading class java/util/concurrent/CompletableFuture$UniCompose done
Event: 0.478 loading class java/util/concurrent/ForkJoinTask$Aux
Event: 0.478 loading class java/util/concurrent/ForkJoinTask$Aux done
Event: 0.479 loading class java/util/concurrent/CompletableFuture$UniComposeExceptionally
Event: 0.479 loading class java/util/concurrent/CompletableFuture$UniComposeExceptionally done
Event: 0.479 loading class java/util/concurrent/CompletableFuture$AsyncSupply
Event: 0.479 loading class java/util/concurrent/CompletableFuture$AsyncSupply done


Dynamic libraries:
0x00007ff6cc4d0000 - 0x00007ff6cc4da000 	C:\Program Files\JetBrains\IntelliJ IDEA 2023.2.7\jbr\bin\java.exe
0x00007ffac2530000 - 0x00007ffac2728000 	C:\windows\SYSTEM32\ntdll.dll
0x00007ffac0ba0000 - 0x00007ffac0c61000 	C:\windows\System32\KERNEL32.DLL
0x00007ffabfd50000 - 0x00007ffac004d000 	C:\windows\System32\KERNELBASE.dll
0x0000000052fd0000 - 0x0000000053065000 	C:\windows\System32\SYSFER.DLL
0x00007ffac1a30000 - 0x00007ffac1ae0000 	C:\windows\System32\ADVAPI32.dll
0x00007ffac1be0000 - 0x00007ffac1c7e000 	C:\windows\System32\msvcrt.dll
0x00007ffac16d0000 - 0x00007ffac1770000 	C:\windows\System32\sechost.dll
0x00007ffac0a10000 - 0x00007ffac0b33000 	C:\windows\System32\RPCRT4.dll
0x00007ffac0200000 - 0x00007ffac0227000 	C:\windows\System32\bcrypt.dll
0x00007ffabfc50000 - 0x00007ffabfd50000 	C:\windows\System32\ucrtbase.dll
0x00007ffab8350000 - 0x00007ffab8367000 	C:\Program Files\JetBrains\IntelliJ IDEA 2023.2.7\jbr\bin\jli.dll
0x00007ffaadfb0000 - 0x00007ffaadfcb000 	C:\Program Files\JetBrains\IntelliJ IDEA 2023.2.7\jbr\bin\VCRUNTIME140.dll
0x00007ffac1890000 - 0x00007ffac1a2d000 	C:\windows\System32\USER32.dll
0x00007ffac0400000 - 0x00007ffac0422000 	C:\windows\System32\win32u.dll
0x00007ffac0920000 - 0x00007ffac094b000 	C:\windows\System32\GDI32.dll
0x00007ffac0230000 - 0x00007ffac0347000 	C:\windows\System32\gdi32full.dll
0x00007ffac04c0000 - 0x00007ffac055d000 	C:\windows\System32\msvcp_win.dll
0x00007ffaa0090000 - 0x00007ffaa032a000 	C:\windows\WinSxS\amd64_microsoft.windows.common-controls_6595b64144ccf1df_6.0.19041.4355_none_60b8b9eb71f62e16\COMCTL32.dll
0x00007ffac1c80000 - 0x00007ffac1caf000 	C:\windows\System32\IMM32.DLL
0x00007ffaadc40000 - 0x00007ffaadc4c000 	C:\Program Files\JetBrains\IntelliJ IDEA 2023.2.7\jbr\bin\vcruntime140_1.dll
0x00007ffa90e70000 - 0x00007ffa90efd000 	C:\Program Files\JetBrains\IntelliJ IDEA 2023.2.7\jbr\bin\msvcp140.dll
0x00007ffa89330000 - 0x00007ffa89fb3000 	C:\Program Files\JetBrains\IntelliJ IDEA 2023.2.7\jbr\bin\server\jvm.dll
0x00007ffabf120000 - 0x00007ffabf16b000 	C:\windows\SYSTEM32\POWRPROF.dll
0x00007ffabce00000 - 0x00007ffabce09000 	C:\windows\SYSTEM32\WSOCK32.dll
0x00007ffac1cb0000 - 0x00007ffac1d1b000 	C:\windows\System32\WS2_32.dll
0x00007ffa99360000 - 0x00007ffa99387000 	C:\windows\SYSTEM32\WINMM.dll
0x00007ffabad20000 - 0x00007ffabad2a000 	C:\windows\SYSTEM32\VERSION.dll
0x00007ffabefe0000 - 0x00007ffabeff2000 	C:\windows\SYSTEM32\UMPDC.dll
0x00007ffabda70000 - 0x00007ffabda82000 	C:\windows\SYSTEM32\kernel.appcore.dll
0x00007ffabcdf0000 - 0x00007ffabcdfa000 	C:\Program Files\JetBrains\IntelliJ IDEA 2023.2.7\jbr\bin\jimage.dll
0x00007ffaaad00000 - 0x00007ffaaaee4000 	C:\windows\SYSTEM32\DBGHELP.DLL
0x00007ffaabe10000 - 0x00007ffaabe44000 	C:\windows\SYSTEM32\dbgcore.DLL
0x00007ffac0430000 - 0x00007ffac04b2000 	C:\windows\System32\bcryptPrimitives.dll
0x00007ffabcda0000 - 0x00007ffabcdc5000 	C:\Program Files\JetBrains\IntelliJ IDEA 2023.2.7\jbr\bin\java.dll
0x00007ffabb8b0000 - 0x00007ffabb8c8000 	C:\Program Files\JetBrains\IntelliJ IDEA 2023.2.7\jbr\bin\zip.dll
0x00007ffac0f50000 - 0x00007ffac16bf000 	C:\windows\System32\SHELL32.dll
0x00007ffabdc80000 - 0x00007ffabe423000 	C:\windows\SYSTEM32\windows.storage.dll
0x00007ffac05c0000 - 0x00007ffac0913000 	C:\windows\System32\combase.dll
0x00007ffabf610000 - 0x00007ffabf63e000 	C:\windows\SYSTEM32\Wldp.dll
0x00007ffac0e80000 - 0x00007ffac0f4d000 	C:\windows\System32\OLEAUT32.dll
0x00007ffac2440000 - 0x00007ffac24ed000 	C:\windows\System32\SHCORE.dll
0x00007ffac23d0000 - 0x00007ffac2425000 	C:\windows\System32\shlwapi.dll
0x00007ffabfb10000 - 0x00007ffabfb34000 	C:\windows\SYSTEM32\profapi.dll
0x00007ffabaa50000 - 0x00007ffabaa69000 	C:\Program Files\JetBrains\IntelliJ IDEA 2023.2.7\jbr\bin\net.dll
0x00007ffab9170000 - 0x00007ffab927d000 	C:\windows\SYSTEM32\WINHTTP.dll
0x00007ffabf370000 - 0x00007ffabf3da000 	C:\windows\system32\mswsock.dll
0x00007ffab8380000 - 0x00007ffab8396000 	C:\Program Files\JetBrains\IntelliJ IDEA 2023.2.7\jbr\bin\nio.dll
0x00007ffabb9e0000 - 0x00007ffabb9ee000 	C:\Program Files\JetBrains\IntelliJ IDEA 2023.2.7\jbr\bin\sunmscapi.dll
0x00007ffac00a0000 - 0x00007ffac01fc000 	C:\windows\System32\CRYPT32.dll
0x00007ffabf680000 - 0x00007ffabf6a9000 	C:\windows\SYSTEM32\ncrypt.dll
0x00007ffabf640000 - 0x00007ffabf67b000 	C:\windows\SYSTEM32\NTASN1.dll
0x00007ffabf560000 - 0x00007ffabf578000 	C:\windows\SYSTEM32\CRYPTSP.dll
0x00007ffabec20000 - 0x00007ffabec54000 	C:\windows\system32\rsaenh.dll
0x00007ffabfad0000 - 0x00007ffabfafe000 	C:\windows\SYSTEM32\USERENV.dll
0x00007ffabf580000 - 0x00007ffabf58c000 	C:\windows\SYSTEM32\CRYPTBASE.dll
0x00007ffabf000000 - 0x00007ffabf03b000 	C:\windows\SYSTEM32\IPHLPAPI.DLL
0x00007ffac0950000 - 0x00007ffac0958000 	C:\windows\System32\NSI.dll
0x00007ffaba7d0000 - 0x00007ffaba7e7000 	C:\windows\SYSTEM32\dhcpcsvc6.DLL
0x00007ffaba7b0000 - 0x00007ffaba7cd000 	C:\windows\SYSTEM32\dhcpcsvc.DLL
0x00007ffabf050000 - 0x00007ffabf11a000 	C:\windows\SYSTEM32\DNSAPI.dll
0x00007ffabb900000 - 0x00007ffabb907000 	C:\windows\system32\wshunix.dll
0x00007ffabaa40000 - 0x00007ffabaa49000 	C:\Program Files\JetBrains\IntelliJ IDEA 2023.2.7\jbr\bin\extnet.dll

dbghelp: loaded successfully - version: 4.0.5 - missing functions: none
symbol engine: initialized successfully - sym options: 0x614 - pdb path: .;C:\Program Files\JetBrains\IntelliJ IDEA 2023.2.7\jbr\bin;C:\windows\SYSTEM32;C:\windows\WinSxS\amd64_microsoft.windows.common-controls_6595b64144ccf1df_6.0.19041.4355_none_60b8b9eb71f62e16;C:\Program Files\JetBrains\IntelliJ IDEA 2023.2.7\jbr\bin\server

VM Arguments:
java_command: git4idea.http.GitAskPassApp Username for 'https://github.com': 
java_class_path (initial): C:/Program Files/JetBrains/IntelliJ IDEA 2023.2.7/plugins/vcs-git/lib/git4idea-rt.jar;C:/Program Files/JetBrains/IntelliJ IDEA 2023.2.7/lib/externalProcess-rt.jar
Launcher Type: SUN_STANDARD

[Global flags]
     intx CICompilerCount                          = 3                                         {product} {ergonomic}
     uint ConcGCThreads                            = 1                                         {product} {ergonomic}
     uint G1ConcRefinementThreads                  = 4                                         {product} {ergonomic}
   size_t G1HeapRegionSize                         = 1048576                                   {product} {ergonomic}
    uintx GCDrainStackTargetSize                   = 64                                        {product} {ergonomic}
   size_t InitialHeapSize                          = 134217728                                 {product} {ergonomic}
   size_t MarkStackSize                            = 4194304                                   {product} {ergonomic}
   size_t MaxHeapSize                              = 2126512128                                {product} {ergonomic}
   size_t MaxNewSize                               = 1275068416                                {product} {ergonomic}
   size_t MinHeapDeltaBytes                        = 1048576                                   {product} {ergonomic}
   size_t MinHeapSize                              = 8388608                                   {product} {ergonomic}
    uintx NonNMethodCodeHeapSize                   = 5832780                                {pd product} {ergonomic}
    uintx NonProfiledCodeHeapSize                  = 122912730                              {pd product} {ergonomic}
    uintx ProfiledCodeHeapSize                     = 122912730                              {pd product} {ergonomic}
    uintx ReservedCodeCacheSize                    = 251658240                              {pd product} {ergonomic}
     bool SegmentedCodeCache                       = true                                      {product} {ergonomic}
   size_t SoftMaxHeapSize                          = 2126512128                             {manageable} {ergonomic}
     bool UseCompressedClassPointers               = true                           {product lp64_product} {ergonomic}
     bool UseCompressedOops                        = true                           {product lp64_product} {ergonomic}
     bool UseG1GC                                  = true                                      {product} {ergonomic}
     bool UseLargePagesIndividualAllocation        = false                                  {pd product} {ergonomic}

Logging:
Log output configuration:
 #0: stdout all=warning uptime,level,tags
 #1: stderr all=off uptime,level,tags

Environment Variables:
PATH=C:/Program Files/Git/mingw64/libexec/git-core;C:/Program Files/Git/mingw64/libexec/git-core;C:\Program Files\Git\mingw64\bin;C:\Program Files\Git\usr\bin;C:\Users\woori\bin;C:/Users/woori/AppData/Roaming/JetBrains/IntelliJIdea2023.2/node/node-v18.15.0-win-x64;C:\windows\system32;C:\windows;C:\windows\System32\Wbem;C:\windows\System32\WindowsPowerShell\v1.0\;C:\windows\System32\OpenSSH\;C:\ProgramData\scEscpp\;C:\ProgramData\scEscpp\;C:\ProgramData\scEscpp\;C:\ProgramData\scEscpp\;C:\Program Files\nodejs\;C:\Program Files\Git\cmd;C:\Users\woori\AppData\Local\Microsoft\WindowsApps;C:\Users\woori\AppData\Roaming\npm
USERNAME=woori
DISPLAY=:0.0
LC_ALL=en_US.UTF-8
TERM=xterm-256color
TMPDIR=C:\Users\woori\AppData\Local\Temp
OS=Windows_NT
PROCESSOR_IDENTIFIER=Intel64 Family 6 Model 94 Stepping 3, GenuineIntel
TMP=C:\Users\woori\AppData\Local\Temp
TEMP=C:\Users\woori\AppData\Local\Temp



Periodic native trim disabled

JNI global refs:
JNI global refs: 20, weak refs: 0

JNI global refs memory usage: 843, weak refs: 841

OOME stack traces (most recent first):
Classloader memory used:
